2019-07-12 19:30:59.943 [main] INFO  com.swust.fund.FundApplication - Starting FundApplication on DESKTOP-FE06405 with PID 2692 (E:\My_text\WLW\WLW\JAVA\fund\target\classes started by a9042 in E:\My_text\WLW\WLW\JAVA\fund)
2019-07-12 19:30:59.964 [main] INFO  com.swust.fund.FundApplication - No active profile set, falling back to default profiles: default
2019-07-12 19:31:03.307 [main] INFO  o.s.d.r.config.RepositoryConfigurationDelegate - Multiple Spring Data modules found, entering strict repository configuration mode!
2019-07-12 19:31:03.310 [main] INFO  o.s.d.r.config.RepositoryConfigurationDelegate - Bootstrapping Spring Data repositories in DEFAULT mode.
2019-07-12 19:31:03.372 [main] INFO  o.s.d.r.config.RepositoryConfigurationDelegate - Finished Spring Data repository scanning in 30ms. Found 0 repository interfaces.
2019-07-12 19:31:03.857 [main] INFO  o.s.c.s.PostProcessorRegistrationDelegate$BeanPostProcessorChecker - Bean 'org.springframework.transaction.annotation.ProxyTransactionManagementConfiguration' of type [org.springframework.transaction.annotation.ProxyTransactionManagementConfiguration$$EnhancerBySpringCGLIB$$47a38a13] is not eligible for getting processed by all BeanPostProcessors (for example: not eligible for auto-proxying)
2019-07-12 19:31:04.778 [main] INFO  o.s.boot.web.embedded.tomcat.TomcatWebServer - Tomcat initialized with port(s): 19316 (http)
2019-07-12 19:31:04.818 [main] INFO  org.apache.coyote.http11.Http11NioProtocol - Initializing ProtocolHandler ["http-nio-19316"]
2019-07-12 19:31:04.832 [main] INFO  org.apache.catalina.core.StandardService - Starting service [Tomcat]
2019-07-12 19:31:04.832 [main] INFO  org.apache.catalina.core.StandardEngine - Starting Servlet engine: [Apache Tomcat/9.0.17]
2019-07-12 19:31:05.307 [main] INFO  o.a.c.core.ContainerBase.[Tomcat].[localhost].[/] - Initializing Spring embedded WebApplicationContext
2019-07-12 19:31:05.308 [main] INFO  org.springframework.web.context.ContextLoader - Root WebApplicationContext: initialization completed in 5184 ms
2019-07-12 19:31:08.728 [main] INFO  s.d.s.w.PropertySourcedRequestMappingHandlerMapping - Mapped URL path [/v2/api-docs] onto method [public org.springframework.http.ResponseEntity<springfox.documentation.spring.web.json.Json> springfox.documentation.swagger2.web.Swagger2Controller.getDocumentation(java.lang.String,javax.servlet.http.HttpServletRequest)]
2019-07-12 19:31:08.977 [main] INFO  o.s.scheduling.concurrent.ThreadPoolTaskExecutor - Initializing ExecutorService 'applicationTaskExecutor'
2019-07-12 19:31:09.275 [main] INFO  o.s.b.a.web.servlet.WelcomePageHandlerMapping - Adding welcome page: class path resource [static/index.html]
2019-07-12 19:31:09.898 [main] INFO  s.d.s.web.plugins.DocumentationPluginsBootstrapper - Context refreshed
2019-07-12 19:31:09.920 [main] INFO  s.d.s.web.plugins.DocumentationPluginsBootstrapper - Found 1 custom documentation plugin(s)
2019-07-12 19:31:10.116 [main] INFO  s.d.spring.web.scanners.ApiListingReferenceScanner - Scanning for api listing references
2019-07-12 19:31:11.229 [main] INFO  org.apache.coyote.http11.Http11NioProtocol - Starting ProtocolHandler ["http-nio-19316"]
2019-07-12 19:31:11.312 [main] INFO  o.s.boot.web.embedded.tomcat.TomcatWebServer - Tomcat started on port(s): 19316 (http) with context path ''
2019-07-12 19:31:11.320 [main] INFO  com.swust.fund.FundApplication - Started FundApplication in 12.506 seconds (JVM running for 16.947)
2019-07-12 19:31:34.540 [http-nio-19316-exec-1] INFO  o.a.c.core.ContainerBase.[Tomcat].[localhost].[/] - Initializing Spring DispatcherServlet 'dispatcherServlet'
2019-07-12 19:31:34.540 [http-nio-19316-exec-1] INFO  org.springframework.web.servlet.DispatcherServlet - Initializing Servlet 'dispatcherServlet'
2019-07-12 19:31:34.549 [http-nio-19316-exec-1] INFO  org.springframework.web.servlet.DispatcherServlet - Completed initialization in 8 ms
2019-07-12 19:32:40.205 [main] INFO  com.swust.fund.FundApplication - Starting FundApplication on DESKTOP-FE06405 with PID 12792 (E:\My_text\WLW\WLW\JAVA\fund\target\classes started by a9042 in E:\My_text\WLW\WLW\JAVA\fund)
2019-07-12 19:32:40.235 [main] INFO  com.swust.fund.FundApplication - No active profile set, falling back to default profiles: default
2019-07-12 19:32:43.256 [main] INFO  o.s.d.r.config.RepositoryConfigurationDelegate - Multiple Spring Data modules found, entering strict repository configuration mode!
2019-07-12 19:32:43.259 [main] INFO  o.s.d.r.config.RepositoryConfigurationDelegate - Bootstrapping Spring Data repositories in DEFAULT mode.
2019-07-12 19:32:43.307 [main] INFO  o.s.d.r.config.RepositoryConfigurationDelegate - Finished Spring Data repository scanning in 28ms. Found 0 repository interfaces.
2019-07-12 19:32:44.116 [main] INFO  o.s.c.s.PostProcessorRegistrationDelegate$BeanPostProcessorChecker - Bean 'org.springframework.transaction.annotation.ProxyTransactionManagementConfiguration' of type [org.springframework.transaction.annotation.ProxyTransactionManagementConfiguration$$EnhancerBySpringCGLIB$$dce204a4] is not eligible for getting processed by all BeanPostProcessors (for example: not eligible for auto-proxying)
2019-07-12 19:32:44.868 [main] INFO  o.s.boot.web.embedded.tomcat.TomcatWebServer - Tomcat initialized with port(s): 19316 (http)
2019-07-12 19:32:44.889 [main] INFO  org.apache.coyote.http11.Http11NioProtocol - Initializing ProtocolHandler ["http-nio-19316"]
2019-07-12 19:32:44.907 [main] INFO  org.apache.catalina.core.StandardService - Starting service [Tomcat]
2019-07-12 19:32:44.908 [main] INFO  org.apache.catalina.core.StandardEngine - Starting Servlet engine: [Apache Tomcat/9.0.17]
2019-07-12 19:32:45.322 [main] INFO  o.a.c.core.ContainerBase.[Tomcat].[localhost].[/] - Initializing Spring embedded WebApplicationContext
2019-07-12 19:32:45.322 [main] INFO  org.springframework.web.context.ContextLoader - Root WebApplicationContext: initialization completed in 4936 ms
2019-07-12 19:32:47.934 [main] INFO  s.d.s.w.PropertySourcedRequestMappingHandlerMapping - Mapped URL path [/v2/api-docs] onto method [public org.springframework.http.ResponseEntity<springfox.documentation.spring.web.json.Json> springfox.documentation.swagger2.web.Swagger2Controller.getDocumentation(java.lang.String,javax.servlet.http.HttpServletRequest)]
2019-07-12 19:32:48.200 [main] INFO  o.s.scheduling.concurrent.ThreadPoolTaskExecutor - Initializing ExecutorService 'applicationTaskExecutor'
2019-07-12 19:32:48.361 [main] INFO  o.s.b.a.web.servlet.WelcomePageHandlerMapping - Adding welcome page: class path resource [static/index.html]
2019-07-12 19:32:48.686 [main] INFO  s.d.s.web.plugins.DocumentationPluginsBootstrapper - Context refreshed
2019-07-12 19:32:48.716 [main] INFO  s.d.s.web.plugins.DocumentationPluginsBootstrapper - Found 1 custom documentation plugin(s)
2019-07-12 19:32:48.916 [main] INFO  s.d.spring.web.scanners.ApiListingReferenceScanner - Scanning for api listing references
2019-07-12 19:32:49.723 [main] INFO  org.apache.coyote.http11.Http11NioProtocol - Starting ProtocolHandler ["http-nio-19316"]
2019-07-12 19:32:49.757 [main] INFO  o.s.boot.web.embedded.tomcat.TomcatWebServer - Tomcat started on port(s): 19316 (http) with context path ''
2019-07-12 19:32:49.760 [main] INFO  com.swust.fund.FundApplication - Started FundApplication in 10.406 seconds (JVM running for 14.265)
2019-07-12 19:32:51.855 [http-nio-19316-exec-2] INFO  o.a.c.core.ContainerBase.[Tomcat].[localhost].[/] - Initializing Spring DispatcherServlet 'dispatcherServlet'
2019-07-12 19:32:51.855 [http-nio-19316-exec-2] INFO  org.springframework.web.servlet.DispatcherServlet - Initializing Servlet 'dispatcherServlet'
2019-07-12 19:32:51.868 [http-nio-19316-exec-2] INFO  org.springframework.web.servlet.DispatcherServlet - Completed initialization in 13 ms
2019-07-12 19:33:27.251 [main] INFO  com.swust.fund.FundApplication - Starting FundApplication on DESKTOP-FE06405 with PID 1072 (E:\My_text\WLW\WLW\JAVA\fund\target\classes started by a9042 in E:\My_text\WLW\WLW\JAVA\fund)
2019-07-12 19:33:27.307 [main] INFO  com.swust.fund.FundApplication - No active profile set, falling back to default profiles: default
2019-07-12 19:33:29.071 [main] INFO  o.s.d.r.config.RepositoryConfigurationDelegate - Multiple Spring Data modules found, entering strict repository configuration mode!
2019-07-12 19:33:29.074 [main] INFO  o.s.d.r.config.RepositoryConfigurationDelegate - Bootstrapping Spring Data repositories in DEFAULT mode.
2019-07-12 19:33:29.120 [main] INFO  o.s.d.r.config.RepositoryConfigurationDelegate - Finished Spring Data repository scanning in 29ms. Found 0 repository interfaces.
2019-07-12 19:33:29.512 [main] INFO  o.s.c.s.PostProcessorRegistrationDelegate$BeanPostProcessorChecker - Bean 'org.springframework.transaction.annotation.ProxyTransactionManagementConfiguration' of type [org.springframework.transaction.annotation.ProxyTransactionManagementConfiguration$$EnhancerBySpringCGLIB$$8febf7d9] is not eligible for getting processed by all BeanPostProcessors (for example: not eligible for auto-proxying)
2019-07-12 19:33:29.912 [main] INFO  o.s.boot.web.embedded.tomcat.TomcatWebServer - Tomcat initialized with port(s): 19316 (http)
2019-07-12 19:33:29.930 [main] INFO  org.apache.coyote.http11.Http11NioProtocol - Initializing ProtocolHandler ["http-nio-19316"]
2019-07-12 19:33:29.943 [main] INFO  org.apache.catalina.core.StandardService - Starting service [Tomcat]
2019-07-12 19:33:29.944 [main] INFO  org.apache.catalina.core.StandardEngine - Starting Servlet engine: [Apache Tomcat/9.0.17]
2019-07-12 19:33:30.145 [main] INFO  o.a.c.core.ContainerBase.[Tomcat].[localhost].[/] - Initializing Spring embedded WebApplicationContext
2019-07-12 19:33:30.145 [main] INFO  org.springframework.web.context.ContextLoader - Root WebApplicationContext: initialization completed in 2772 ms
2019-07-12 19:33:31.716 [main] INFO  s.d.s.w.PropertySourcedRequestMappingHandlerMapping - Mapped URL path [/v2/api-docs] onto method [public org.springframework.http.ResponseEntity<springfox.documentation.spring.web.json.Json> springfox.documentation.swagger2.web.Swagger2Controller.getDocumentation(java.lang.String,javax.servlet.http.HttpServletRequest)]
2019-07-12 19:33:31.976 [main] INFO  o.s.scheduling.concurrent.ThreadPoolTaskExecutor - Initializing ExecutorService 'applicationTaskExecutor'
2019-07-12 19:33:32.253 [main] INFO  o.s.b.a.web.servlet.WelcomePageHandlerMapping - Adding welcome page: class path resource [static/index.html]
2019-07-12 19:33:32.562 [main] INFO  s.d.s.web.plugins.DocumentationPluginsBootstrapper - Context refreshed
2019-07-12 19:33:32.587 [main] INFO  s.d.s.web.plugins.DocumentationPluginsBootstrapper - Found 1 custom documentation plugin(s)
2019-07-12 19:33:32.787 [main] INFO  s.d.spring.web.scanners.ApiListingReferenceScanner - Scanning for api listing references
2019-07-12 19:33:33.453 [main] INFO  org.apache.coyote.http11.Http11NioProtocol - Starting ProtocolHandler ["http-nio-19316"]
2019-07-12 19:33:33.481 [main] INFO  o.s.boot.web.embedded.tomcat.TomcatWebServer - Tomcat started on port(s): 19316 (http) with context path ''
2019-07-12 19:33:33.483 [main] INFO  com.swust.fund.FundApplication - Started FundApplication in 7.282 seconds (JVM running for 9.377)
2019-07-12 19:33:34.467 [http-nio-19316-exec-1] INFO  o.a.c.core.ContainerBase.[Tomcat].[localhost].[/] - Initializing Spring DispatcherServlet 'dispatcherServlet'
2019-07-12 19:33:34.467 [http-nio-19316-exec-1] INFO  org.springframework.web.servlet.DispatcherServlet - Initializing Servlet 'dispatcherServlet'
2019-07-12 19:33:34.476 [http-nio-19316-exec-1] INFO  org.springframework.web.servlet.DispatcherServlet - Completed initialization in 9 ms
2019-07-12 19:33:34.580 [http-nio-19316-exec-1] INFO  com.alibaba.druid.pool.DruidDataSource - {dataSource-1} inited
2019-07-12 19:34:59.500 [main] INFO  com.swust.fund.FundApplication - Starting FundApplication on DESKTOP-FE06405 with PID 7352 (E:\My_text\WLW\WLW\JAVA\fund\target\classes started by a9042 in E:\My_text\WLW\WLW\JAVA\fund)
2019-07-12 19:34:59.527 [main] INFO  com.swust.fund.FundApplication - No active profile set, falling back to default profiles: default
2019-07-12 19:35:01.313 [main] INFO  o.s.d.r.config.RepositoryConfigurationDelegate - Multiple Spring Data modules found, entering strict repository configuration mode!
2019-07-12 19:35:01.320 [main] INFO  o.s.d.r.config.RepositoryConfigurationDelegate - Bootstrapping Spring Data repositories in DEFAULT mode.
2019-07-12 19:35:01.364 [main] INFO  o.s.d.r.config.RepositoryConfigurationDelegate - Finished Spring Data repository scanning in 27ms. Found 0 repository interfaces.
2019-07-12 19:35:01.744 [main] INFO  o.s.c.s.PostProcessorRegistrationDelegate$BeanPostProcessorChecker - Bean 'org.springframework.transaction.annotation.ProxyTransactionManagementConfiguration' of type [org.springframework.transaction.annotation.ProxyTransactionManagementConfiguration$$EnhancerBySpringCGLIB$$2289209f] is not eligible for getting processed by all BeanPostProcessors (for example: not eligible for auto-proxying)
2019-07-12 19:35:02.106 [main] INFO  o.s.boot.web.embedded.tomcat.TomcatWebServer - Tomcat initialized with port(s): 19316 (http)
2019-07-12 19:35:02.122 [main] INFO  org.apache.coyote.http11.Http11NioProtocol - Initializing ProtocolHandler ["http-nio-19316"]
2019-07-12 19:35:02.130 [main] INFO  org.apache.catalina.core.StandardService - Starting service [Tomcat]
2019-07-12 19:35:02.130 [main] INFO  org.apache.catalina.core.StandardEngine - Starting Servlet engine: [Apache Tomcat/9.0.17]
2019-07-12 19:35:02.293 [main] INFO  o.a.c.core.ContainerBase.[Tomcat].[localhost].[/] - Initializing Spring embedded WebApplicationContext
2019-07-12 19:35:02.294 [main] INFO  org.springframework.web.context.ContextLoader - Root WebApplicationContext: initialization completed in 2665 ms
2019-07-12 19:35:03.654 [main] INFO  s.d.s.w.PropertySourcedRequestMappingHandlerMapping - Mapped URL path [/v2/api-docs] onto method [public org.springframework.http.ResponseEntity<springfox.documentation.spring.web.json.Json> springfox.documentation.swagger2.web.Swagger2Controller.getDocumentation(java.lang.String,javax.servlet.http.HttpServletRequest)]
2019-07-12 19:35:03.820 [main] INFO  o.s.scheduling.concurrent.ThreadPoolTaskExecutor - Initializing ExecutorService 'applicationTaskExecutor'
2019-07-12 19:35:03.920 [main] INFO  o.s.b.a.web.servlet.WelcomePageHandlerMapping - Adding welcome page: class path resource [static/index.html]
2019-07-12 19:35:04.160 [main] INFO  s.d.s.web.plugins.DocumentationPluginsBootstrapper - Context refreshed
2019-07-12 19:35:04.176 [main] INFO  s.d.s.web.plugins.DocumentationPluginsBootstrapper - Found 1 custom documentation plugin(s)
2019-07-12 19:35:04.302 [main] INFO  s.d.spring.web.scanners.ApiListingReferenceScanner - Scanning for api listing references
2019-07-12 19:35:04.875 [main] INFO  org.apache.coyote.http11.Http11NioProtocol - Starting ProtocolHandler ["http-nio-19316"]
2019-07-12 19:35:04.919 [main] INFO  o.s.boot.web.embedded.tomcat.TomcatWebServer - Tomcat started on port(s): 19316 (http) with context path ''
2019-07-12 19:35:04.922 [main] INFO  com.swust.fund.FundApplication - Started FundApplication in 6.041 seconds (JVM running for 7.544)
2019-07-12 19:35:08.227 [http-nio-19316-exec-1] INFO  o.a.c.core.ContainerBase.[Tomcat].[localhost].[/] - Initializing Spring DispatcherServlet 'dispatcherServlet'
2019-07-12 19:35:08.228 [http-nio-19316-exec-1] INFO  org.springframework.web.servlet.DispatcherServlet - Initializing Servlet 'dispatcherServlet'
2019-07-12 19:35:08.239 [http-nio-19316-exec-1] INFO  org.springframework.web.servlet.DispatcherServlet - Completed initialization in 11 ms
2019-07-12 19:35:08.341 [http-nio-19316-exec-1] INFO  com.alibaba.druid.pool.DruidDataSource - {dataSource-1} inited
2019-07-12 19:36:25.467 [main] INFO  com.swust.fund.FundApplication - Starting FundApplication on DESKTOP-FE06405 with PID 1372 (E:\My_text\WLW\WLW\JAVA\fund\target\classes started by a9042 in E:\My_text\WLW\WLW\JAVA\fund)
2019-07-12 19:36:25.476 [main] INFO  com.swust.fund.FundApplication - No active profile set, falling back to default profiles: default
2019-07-12 19:36:27.317 [main] INFO  o.s.d.r.config.RepositoryConfigurationDelegate - Multiple Spring Data modules found, entering strict repository configuration mode!
2019-07-12 19:36:27.320 [main] INFO  o.s.d.r.config.RepositoryConfigurationDelegate - Bootstrapping Spring Data repositories in DEFAULT mode.
2019-07-12 19:36:27.359 [main] INFO  o.s.d.r.config.RepositoryConfigurationDelegate - Finished Spring Data repository scanning in 25ms. Found 0 repository interfaces.
2019-07-12 19:36:27.938 [main] INFO  o.s.c.s.PostProcessorRegistrationDelegate$BeanPostProcessorChecker - Bean 'org.springframework.transaction.annotation.ProxyTransactionManagementConfiguration' of type [org.springframework.transaction.annotation.ProxyTransactionManagementConfiguration$$EnhancerBySpringCGLIB$$922b82ce] is not eligible for getting processed by all BeanPostProcessors (for example: not eligible for auto-proxying)
2019-07-12 19:36:28.648 [main] INFO  o.s.boot.web.embedded.tomcat.TomcatWebServer - Tomcat initialized with port(s): 19316 (http)
2019-07-12 19:36:28.670 [main] INFO  org.apache.coyote.http11.Http11NioProtocol - Initializing ProtocolHandler ["http-nio-19316"]
2019-07-12 19:36:28.684 [main] INFO  org.apache.catalina.core.StandardService - Starting service [Tomcat]
2019-07-12 19:36:28.684 [main] INFO  org.apache.catalina.core.StandardEngine - Starting Servlet engine: [Apache Tomcat/9.0.17]
2019-07-12 19:36:28.913 [main] INFO  o.a.c.core.ContainerBase.[Tomcat].[localhost].[/] - Initializing Spring embedded WebApplicationContext
2019-07-12 19:36:28.915 [main] INFO  org.springframework.web.context.ContextLoader - Root WebApplicationContext: initialization completed in 3308 ms
2019-07-12 19:36:30.442 [main] INFO  s.d.s.w.PropertySourcedRequestMappingHandlerMapping - Mapped URL path [/v2/api-docs] onto method [public org.springframework.http.ResponseEntity<springfox.documentation.spring.web.json.Json> springfox.documentation.swagger2.web.Swagger2Controller.getDocumentation(java.lang.String,javax.servlet.http.HttpServletRequest)]
2019-07-12 19:36:30.674 [main] INFO  o.s.scheduling.concurrent.ThreadPoolTaskExecutor - Initializing ExecutorService 'applicationTaskExecutor'
2019-07-12 19:36:30.807 [main] INFO  o.s.b.a.web.servlet.WelcomePageHandlerMapping - Adding welcome page: class path resource [static/index.html]
2019-07-12 19:36:31.074 [main] INFO  s.d.s.web.plugins.DocumentationPluginsBootstrapper - Context refreshed
2019-07-12 19:36:31.096 [main] INFO  s.d.s.web.plugins.DocumentationPluginsBootstrapper - Found 1 custom documentation plugin(s)
2019-07-12 19:36:31.327 [main] INFO  s.d.spring.web.scanners.ApiListingReferenceScanner - Scanning for api listing references
2019-07-12 19:36:32.168 [main] INFO  org.apache.coyote.http11.Http11NioProtocol - Starting ProtocolHandler ["http-nio-19316"]
2019-07-12 19:36:32.222 [main] INFO  o.s.boot.web.embedded.tomcat.TomcatWebServer - Tomcat started on port(s): 19316 (http) with context path ''
2019-07-12 19:36:32.226 [main] INFO  com.swust.fund.FundApplication - Started FundApplication in 7.601 seconds (JVM running for 9.118)
2019-07-12 19:36:32.752 [http-nio-19316-exec-1] INFO  o.a.c.core.ContainerBase.[Tomcat].[localhost].[/] - Initializing Spring DispatcherServlet 'dispatcherServlet'
2019-07-12 19:36:32.752 [http-nio-19316-exec-1] INFO  org.springframework.web.servlet.DispatcherServlet - Initializing Servlet 'dispatcherServlet'
2019-07-12 19:36:32.774 [http-nio-19316-exec-1] INFO  org.springframework.web.servlet.DispatcherServlet - Completed initialization in 19 ms
2019-07-12 19:36:32.943 [http-nio-19316-exec-1] INFO  com.alibaba.druid.pool.DruidDataSource - {dataSource-1} inited
