2019-05-04 15:49:51.969 [main] INFO  com.swust.fund.FundApplication - Starting FundApplication on DESKTOP-FE06405 with PID 17828 (E:\My_text\WLW\WLW\JAVA\fund\target\classes started by a9042 in E:\My_text\WLW\WLW\JAVA\fund)
2019-05-04 15:49:51.973 [main] INFO  com.swust.fund.FundApplication - No active profile set, falling back to default profiles: default
2019-05-04 15:49:52.558 [main] INFO  o.s.d.r.config.RepositoryConfigurationDelegate - Multiple Spring Data modules found, entering strict repository configuration mode!
2019-05-04 15:49:52.560 [main] INFO  o.s.d.r.config.RepositoryConfigurationDelegate - Bootstrapping Spring Data repositories in DEFAULT mode.
2019-05-04 15:49:52.578 [main] INFO  o.s.d.r.config.RepositoryConfigurationDelegate - Finished Spring Data repository scanning in 6ms. Found 0 repository interfaces.
2019-05-04 15:49:52.881 [main] INFO  o.s.c.s.PostProcessorRegistrationDelegate$BeanPostProcessorChecker - Bean 'org.springframework.transaction.annotation.ProxyTransactionManagementConfiguration' of type [org.springframework.transaction.annotation.ProxyTransactionManagementConfiguration$$EnhancerBySpringCGLIB$$f76bcc45] is not eligible for getting processed by all BeanPostProcessors (for example: not eligible for auto-proxying)
2019-05-04 15:49:53.280 [main] INFO  o.s.boot.web.embedded.tomcat.TomcatWebServer - Tomcat initialized with port(s): 19316 (http)
2019-05-04 15:49:53.296 [main] INFO  org.apache.coyote.http11.Http11NioProtocol - Initializing ProtocolHandler ["http-nio-19316"]
2019-05-04 15:49:53.305 [main] INFO  org.apache.catalina.core.StandardService - Starting service [Tomcat]
2019-05-04 15:49:53.306 [main] INFO  org.apache.catalina.core.StandardEngine - Starting Servlet engine: [Apache Tomcat/9.0.17]
2019-05-04 15:49:53.409 [main] INFO  o.a.c.core.ContainerBase.[Tomcat].[localhost].[/] - Initializing Spring embedded WebApplicationContext
2019-05-04 15:49:53.410 [main] INFO  org.springframework.web.context.ContextLoader - Root WebApplicationContext: initialization completed in 1366 ms
2019-05-04 15:49:53.665 [main] INFO  o.s.scheduling.concurrent.ThreadPoolTaskExecutor - Initializing ExecutorService 'applicationTaskExecutor'
2019-05-04 15:49:54.277 [main] INFO  org.apache.coyote.http11.Http11NioProtocol - Starting ProtocolHandler ["http-nio-19316"]
2019-05-04 15:49:54.298 [main] INFO  o.s.boot.web.embedded.tomcat.TomcatWebServer - Tomcat started on port(s): 19316 (http) with context path ''
2019-05-04 15:49:54.301 [main] INFO  com.swust.fund.FundApplication - Started FundApplication in 2.788 seconds (JVM running for 5.13)
2019-05-04 15:50:02.017 [http-nio-19316-exec-1] INFO  o.a.c.core.ContainerBase.[Tomcat].[localhost].[/] - Initializing Spring DispatcherServlet 'dispatcherServlet'
2019-05-04 15:50:02.018 [http-nio-19316-exec-1] INFO  org.springframework.web.servlet.DispatcherServlet - Initializing Servlet 'dispatcherServlet'
2019-05-04 15:50:02.027 [http-nio-19316-exec-1] INFO  org.springframework.web.servlet.DispatcherServlet - Completed initialization in 9 ms
2019-05-04 15:52:03.714 [main] INFO  com.swust.fund.FundApplication - Starting FundApplication on DESKTOP-FE06405 with PID 11708 (E:\My_text\WLW\WLW\JAVA\fund\target\classes started by a9042 in E:\My_text\WLW\WLW\JAVA\fund)
2019-05-04 15:52:03.717 [main] INFO  com.swust.fund.FundApplication - No active profile set, falling back to default profiles: default
2019-05-04 15:52:04.425 [main] INFO  o.s.d.r.config.RepositoryConfigurationDelegate - Multiple Spring Data modules found, entering strict repository configuration mode!
2019-05-04 15:52:04.427 [main] INFO  o.s.d.r.config.RepositoryConfigurationDelegate - Bootstrapping Spring Data repositories in DEFAULT mode.
2019-05-04 15:52:04.448 [main] INFO  o.s.d.r.config.RepositoryConfigurationDelegate - Finished Spring Data repository scanning in 6ms. Found 0 repository interfaces.
2019-05-04 15:52:04.765 [main] INFO  o.s.c.s.PostProcessorRegistrationDelegate$BeanPostProcessorChecker - Bean 'org.springframework.transaction.annotation.ProxyTransactionManagementConfiguration' of type [org.springframework.transaction.annotation.ProxyTransactionManagementConfiguration$$EnhancerBySpringCGLIB$$86f8dfec] is not eligible for getting processed by all BeanPostProcessors (for example: not eligible for auto-proxying)
2019-05-04 15:52:05.106 [main] INFO  o.s.boot.web.embedded.tomcat.TomcatWebServer - Tomcat initialized with port(s): 19316 (http)
2019-05-04 15:52:05.123 [main] INFO  org.apache.coyote.http11.Http11NioProtocol - Initializing ProtocolHandler ["http-nio-19316"]
2019-05-04 15:52:05.133 [main] INFO  org.apache.catalina.core.StandardService - Starting service [Tomcat]
2019-05-04 15:52:05.134 [main] INFO  org.apache.catalina.core.StandardEngine - Starting Servlet engine: [Apache Tomcat/9.0.17]
2019-05-04 15:52:05.236 [main] INFO  o.a.c.core.ContainerBase.[Tomcat].[localhost].[/] - Initializing Spring embedded WebApplicationContext
2019-05-04 15:52:05.236 [main] INFO  org.springframework.web.context.ContextLoader - Root WebApplicationContext: initialization completed in 1427 ms
2019-05-04 15:52:05.551 [main] INFO  o.s.scheduling.concurrent.ThreadPoolTaskExecutor - Initializing ExecutorService 'applicationTaskExecutor'
2019-05-04 15:52:06.176 [main] INFO  org.apache.coyote.http11.Http11NioProtocol - Starting ProtocolHandler ["http-nio-19316"]
2019-05-04 15:52:06.200 [main] INFO  o.s.boot.web.embedded.tomcat.TomcatWebServer - Tomcat started on port(s): 19316 (http) with context path ''
2019-05-04 15:52:06.203 [main] INFO  com.swust.fund.FundApplication - Started FundApplication in 3.078 seconds (JVM running for 4.107)
2019-05-04 15:52:07.962 [http-nio-19316-exec-1] INFO  o.a.c.core.ContainerBase.[Tomcat].[localhost].[/] - Initializing Spring DispatcherServlet 'dispatcherServlet'
2019-05-04 15:52:07.962 [http-nio-19316-exec-1] INFO  org.springframework.web.servlet.DispatcherServlet - Initializing Servlet 'dispatcherServlet'
2019-05-04 15:52:07.969 [http-nio-19316-exec-1] INFO  org.springframework.web.servlet.DispatcherServlet - Completed initialization in 7 ms
2019-05-04 15:54:24.264 [main] INFO  com.swust.fund.FundApplication - Starting FundApplication on DESKTOP-FE06405 with PID 11300 (E:\My_text\WLW\WLW\JAVA\fund\target\classes started by a9042 in E:\My_text\WLW\WLW\JAVA\fund)
2019-05-04 15:54:24.267 [main] INFO  com.swust.fund.FundApplication - No active profile set, falling back to default profiles: default
2019-05-04 15:54:25.078 [main] INFO  o.s.d.r.config.RepositoryConfigurationDelegate - Multiple Spring Data modules found, entering strict repository configuration mode!
2019-05-04 15:54:25.080 [main] INFO  o.s.d.r.config.RepositoryConfigurationDelegate - Bootstrapping Spring Data repositories in DEFAULT mode.
2019-05-04 15:54:25.101 [main] INFO  o.s.d.r.config.RepositoryConfigurationDelegate - Finished Spring Data repository scanning in 8ms. Found 0 repository interfaces.
2019-05-04 15:54:25.415 [main] INFO  o.s.c.s.PostProcessorRegistrationDelegate$BeanPostProcessorChecker - Bean 'org.springframework.transaction.annotation.ProxyTransactionManagementConfiguration' of type [org.springframework.transaction.annotation.ProxyTransactionManagementConfiguration$$EnhancerBySpringCGLIB$$48b3fcbd] is not eligible for getting processed by all BeanPostProcessors (for example: not eligible for auto-proxying)
2019-05-04 15:54:25.715 [main] INFO  o.s.boot.web.embedded.tomcat.TomcatWebServer - Tomcat initialized with port(s): 19316 (http)
2019-05-04 15:54:25.734 [main] INFO  org.apache.coyote.http11.Http11NioProtocol - Initializing ProtocolHandler ["http-nio-19316"]
2019-05-04 15:54:25.744 [main] INFO  org.apache.catalina.core.StandardService - Starting service [Tomcat]
2019-05-04 15:54:25.745 [main] INFO  org.apache.catalina.core.StandardEngine - Starting Servlet engine: [Apache Tomcat/9.0.17]
2019-05-04 15:54:25.846 [main] INFO  o.a.c.core.ContainerBase.[Tomcat].[localhost].[/] - Initializing Spring embedded WebApplicationContext
2019-05-04 15:54:25.846 [main] INFO  org.springframework.web.context.ContextLoader - Root WebApplicationContext: initialization completed in 1480 ms
2019-05-04 15:54:26.100 [main] INFO  o.s.scheduling.concurrent.ThreadPoolTaskExecutor - Initializing ExecutorService 'applicationTaskExecutor'
2019-05-04 15:54:26.722 [main] INFO  org.apache.coyote.http11.Http11NioProtocol - Starting ProtocolHandler ["http-nio-19316"]
2019-05-04 15:54:26.743 [main] INFO  o.s.boot.web.embedded.tomcat.TomcatWebServer - Tomcat started on port(s): 19316 (http) with context path ''
2019-05-04 15:54:26.746 [main] INFO  com.swust.fund.FundApplication - Started FundApplication in 3.025 seconds (JVM running for 3.849)
2019-05-04 15:54:38.516 [http-nio-19316-exec-1] INFO  o.a.c.core.ContainerBase.[Tomcat].[localhost].[/] - Initializing Spring DispatcherServlet 'dispatcherServlet'
2019-05-04 15:54:38.518 [http-nio-19316-exec-1] INFO  org.springframework.web.servlet.DispatcherServlet - Initializing Servlet 'dispatcherServlet'
2019-05-04 15:54:38.526 [http-nio-19316-exec-1] INFO  org.springframework.web.servlet.DispatcherServlet - Completed initialization in 8 ms
2019-05-04 15:59:03.945 [main] INFO  com.swust.fund.FundApplication - Starting FundApplication on DESKTOP-FE06405 with PID 2208 (E:\My_text\WLW\WLW\JAVA\fund\target\classes started by a9042 in E:\My_text\WLW\WLW\JAVA\fund)
2019-05-04 15:59:03.948 [main] INFO  com.swust.fund.FundApplication - No active profile set, falling back to default profiles: default
2019-05-04 15:59:04.707 [main] INFO  o.s.d.r.config.RepositoryConfigurationDelegate - Multiple Spring Data modules found, entering strict repository configuration mode!
2019-05-04 15:59:04.710 [main] INFO  o.s.d.r.config.RepositoryConfigurationDelegate - Bootstrapping Spring Data repositories in DEFAULT mode.
2019-05-04 15:59:04.732 [main] INFO  o.s.d.r.config.RepositoryConfigurationDelegate - Finished Spring Data repository scanning in 6ms. Found 0 repository interfaces.
2019-05-04 15:59:05.053 [main] INFO  o.s.c.s.PostProcessorRegistrationDelegate$BeanPostProcessorChecker - Bean 'org.springframework.transaction.annotation.ProxyTransactionManagementConfiguration' of type [org.springframework.transaction.annotation.ProxyTransactionManagementConfiguration$$EnhancerBySpringCGLIB$$e7a3d0e6] is not eligible for getting processed by all BeanPostProcessors (for example: not eligible for auto-proxying)
2019-05-04 15:59:05.364 [main] INFO  o.s.boot.web.embedded.tomcat.TomcatWebServer - Tomcat initialized with port(s): 19316 (http)
2019-05-04 15:59:05.377 [main] INFO  org.apache.coyote.http11.Http11NioProtocol - Initializing ProtocolHandler ["http-nio-19316"]
2019-05-04 15:59:05.385 [main] INFO  org.apache.catalina.core.StandardService - Starting service [Tomcat]
2019-05-04 15:59:05.385 [main] INFO  org.apache.catalina.core.StandardEngine - Starting Servlet engine: [Apache Tomcat/9.0.17]
2019-05-04 15:59:05.488 [main] INFO  o.a.c.core.ContainerBase.[Tomcat].[localhost].[/] - Initializing Spring embedded WebApplicationContext
2019-05-04 15:59:05.488 [main] INFO  org.springframework.web.context.ContextLoader - Root WebApplicationContext: initialization completed in 1440 ms
2019-05-04 15:59:05.746 [main] INFO  o.s.scheduling.concurrent.ThreadPoolTaskExecutor - Initializing ExecutorService 'applicationTaskExecutor'
2019-05-04 15:59:06.389 [main] INFO  org.apache.coyote.http11.Http11NioProtocol - Starting ProtocolHandler ["http-nio-19316"]
2019-05-04 15:59:06.412 [main] INFO  o.s.boot.web.embedded.tomcat.TomcatWebServer - Tomcat started on port(s): 19316 (http) with context path ''
2019-05-04 15:59:06.415 [main] INFO  com.swust.fund.FundApplication - Started FundApplication in 3.191 seconds (JVM running for 4.181)
2019-05-04 15:59:31.778 [http-nio-19316-exec-1] INFO  o.a.c.core.ContainerBase.[Tomcat].[localhost].[/] - Initializing Spring DispatcherServlet 'dispatcherServlet'
2019-05-04 15:59:31.778 [http-nio-19316-exec-1] INFO  org.springframework.web.servlet.DispatcherServlet - Initializing Servlet 'dispatcherServlet'
2019-05-04 15:59:31.786 [http-nio-19316-exec-1] INFO  org.springframework.web.servlet.DispatcherServlet - Completed initialization in 8 ms
2019-05-04 16:10:35.434 [main] INFO  com.swust.fund.FundApplication - Starting FundApplication on DESKTOP-FE06405 with PID 8016 (E:\My_text\WLW\WLW\JAVA\fund\target\classes started by a9042 in E:\My_text\WLW\WLW\JAVA\fund)
2019-05-04 16:10:35.436 [main] INFO  com.swust.fund.FundApplication - No active profile set, falling back to default profiles: default
2019-05-04 16:10:36.234 [main] INFO  o.s.d.r.config.RepositoryConfigurationDelegate - Multiple Spring Data modules found, entering strict repository configuration mode!
2019-05-04 16:10:36.236 [main] INFO  o.s.d.r.config.RepositoryConfigurationDelegate - Bootstrapping Spring Data repositories in DEFAULT mode.
2019-05-04 16:10:36.254 [main] INFO  o.s.d.r.config.RepositoryConfigurationDelegate - Finished Spring Data repository scanning in 6ms. Found 0 repository interfaces.
2019-05-04 16:10:36.535 [main] INFO  o.s.c.s.PostProcessorRegistrationDelegate$BeanPostProcessorChecker - Bean 'org.springframework.transaction.annotation.ProxyTransactionManagementConfiguration' of type [org.springframework.transaction.annotation.ProxyTransactionManagementConfiguration$$EnhancerBySpringCGLIB$$e1371cb] is not eligible for getting processed by all BeanPostProcessors (for example: not eligible for auto-proxying)
2019-05-04 16:10:36.834 [main] INFO  o.s.boot.web.embedded.tomcat.TomcatWebServer - Tomcat initialized with port(s): 19316 (http)
2019-05-04 16:10:36.854 [main] INFO  org.apache.coyote.http11.Http11NioProtocol - Initializing ProtocolHandler ["http-nio-19316"]
2019-05-04 16:10:36.866 [main] INFO  org.apache.catalina.core.StandardService - Starting service [Tomcat]
2019-05-04 16:10:36.867 [main] INFO  org.apache.catalina.core.StandardEngine - Starting Servlet engine: [Apache Tomcat/9.0.17]
2019-05-04 16:10:36.995 [main] INFO  o.a.c.core.ContainerBase.[Tomcat].[localhost].[/] - Initializing Spring embedded WebApplicationContext
2019-05-04 16:10:36.995 [main] INFO  org.springframework.web.context.ContextLoader - Root WebApplicationContext: initialization completed in 1453 ms
2019-05-04 16:10:37.282 [main] INFO  o.s.scheduling.concurrent.ThreadPoolTaskExecutor - Initializing ExecutorService 'applicationTaskExecutor'
2019-05-04 16:10:37.912 [main] INFO  org.apache.coyote.http11.Http11NioProtocol - Starting ProtocolHandler ["http-nio-19316"]
2019-05-04 16:10:37.938 [main] INFO  o.s.boot.web.embedded.tomcat.TomcatWebServer - Tomcat started on port(s): 19316 (http) with context path ''
2019-05-04 16:10:37.941 [main] INFO  com.swust.fund.FundApplication - Started FundApplication in 3.13 seconds (JVM running for 4.002)
2019-05-04 16:11:03.541 [http-nio-19316-exec-1] INFO  o.a.c.core.ContainerBase.[Tomcat].[localhost].[/] - Initializing Spring DispatcherServlet 'dispatcherServlet'
2019-05-04 16:11:03.541 [http-nio-19316-exec-1] INFO  org.springframework.web.servlet.DispatcherServlet - Initializing Servlet 'dispatcherServlet'
2019-05-04 16:11:03.550 [http-nio-19316-exec-1] INFO  org.springframework.web.servlet.DispatcherServlet - Completed initialization in 8 ms
2019-05-04 16:12:27.934 [main] INFO  com.swust.fund.FundApplication - Starting FundApplication on DESKTOP-FE06405 with PID 9580 (E:\My_text\WLW\WLW\JAVA\fund\target\classes started by a9042 in E:\My_text\WLW\WLW\JAVA\fund)
2019-05-04 16:12:27.938 [main] INFO  com.swust.fund.FundApplication - No active profile set, falling back to default profiles: default
2019-05-04 16:12:28.782 [main] INFO  o.s.d.r.config.RepositoryConfigurationDelegate - Multiple Spring Data modules found, entering strict repository configuration mode!
2019-05-04 16:12:28.784 [main] INFO  o.s.d.r.config.RepositoryConfigurationDelegate - Bootstrapping Spring Data repositories in DEFAULT mode.
2019-05-04 16:12:28.811 [main] INFO  o.s.d.r.config.RepositoryConfigurationDelegate - Finished Spring Data repository scanning in 10ms. Found 0 repository interfaces.
2019-05-04 16:12:29.233 [main] INFO  o.s.c.s.PostProcessorRegistrationDelegate$BeanPostProcessorChecker - Bean 'org.springframework.transaction.annotation.ProxyTransactionManagementConfiguration' of type [org.springframework.transaction.annotation.ProxyTransactionManagementConfiguration$$EnhancerBySpringCGLIB$$c2567004] is not eligible for getting processed by all BeanPostProcessors (for example: not eligible for auto-proxying)
2019-05-04 16:12:29.592 [main] INFO  o.s.boot.web.embedded.tomcat.TomcatWebServer - Tomcat initialized with port(s): 19316 (http)
2019-05-04 16:12:29.606 [main] INFO  org.apache.coyote.http11.Http11NioProtocol - Initializing ProtocolHandler ["http-nio-19316"]
2019-05-04 16:12:29.615 [main] INFO  org.apache.catalina.core.StandardService - Starting service [Tomcat]
2019-05-04 16:12:29.615 [main] INFO  org.apache.catalina.core.StandardEngine - Starting Servlet engine: [Apache Tomcat/9.0.17]
2019-05-04 16:12:29.715 [main] INFO  o.a.c.core.ContainerBase.[Tomcat].[localhost].[/] - Initializing Spring embedded WebApplicationContext
2019-05-04 16:12:29.716 [main] INFO  org.springframework.web.context.ContextLoader - Root WebApplicationContext: initialization completed in 1679 ms
2019-05-04 16:12:29.974 [main] INFO  o.s.scheduling.concurrent.ThreadPoolTaskExecutor - Initializing ExecutorService 'applicationTaskExecutor'
2019-05-04 16:12:30.594 [main] INFO  org.apache.coyote.http11.Http11NioProtocol - Starting ProtocolHandler ["http-nio-19316"]
2019-05-04 16:12:30.616 [main] INFO  o.s.boot.web.embedded.tomcat.TomcatWebServer - Tomcat started on port(s): 19316 (http) with context path ''
2019-05-04 16:12:30.619 [main] INFO  com.swust.fund.FundApplication - Started FundApplication in 3.257 seconds (JVM running for 4.126)
2019-05-04 16:12:36.274 [http-nio-19316-exec-1] INFO  o.a.c.core.ContainerBase.[Tomcat].[localhost].[/] - Initializing Spring DispatcherServlet 'dispatcherServlet'
2019-05-04 16:12:36.274 [http-nio-19316-exec-1] INFO  org.springframework.web.servlet.DispatcherServlet - Initializing Servlet 'dispatcherServlet'
2019-05-04 16:12:36.280 [http-nio-19316-exec-1] INFO  org.springframework.web.servlet.DispatcherServlet - Completed initialization in 6 ms
2019-05-04 16:19:41.945 [main] INFO  com.swust.fund.FundApplication - Starting FundApplication on DESKTOP-FE06405 with PID 3080 (E:\My_text\WLW\WLW\JAVA\fund\target\classes started by a9042 in E:\My_text\WLW\WLW\JAVA\fund)
2019-05-04 16:19:41.948 [main] INFO  com.swust.fund.FundApplication - No active profile set, falling back to default profiles: default
2019-05-04 16:19:42.719 [main] INFO  o.s.d.r.config.RepositoryConfigurationDelegate - Multiple Spring Data modules found, entering strict repository configuration mode!
2019-05-04 16:19:42.722 [main] INFO  o.s.d.r.config.RepositoryConfigurationDelegate - Bootstrapping Spring Data repositories in DEFAULT mode.
2019-05-04 16:19:42.739 [main] INFO  o.s.d.r.config.RepositoryConfigurationDelegate - Finished Spring Data repository scanning in 6ms. Found 0 repository interfaces.
2019-05-04 16:19:43.078 [main] INFO  o.s.c.s.PostProcessorRegistrationDelegate$BeanPostProcessorChecker - Bean 'org.springframework.transaction.annotation.ProxyTransactionManagementConfiguration' of type [org.springframework.transaction.annotation.ProxyTransactionManagementConfiguration$$EnhancerBySpringCGLIB$$c84ef13b] is not eligible for getting processed by all BeanPostProcessors (for example: not eligible for auto-proxying)
2019-05-04 16:19:43.404 [main] INFO  o.s.boot.web.embedded.tomcat.TomcatWebServer - Tomcat initialized with port(s): 19316 (http)
2019-05-04 16:19:43.419 [main] INFO  org.apache.coyote.http11.Http11NioProtocol - Initializing ProtocolHandler ["http-nio-19316"]
2019-05-04 16:19:43.429 [main] INFO  org.apache.catalina.core.StandardService - Starting service [Tomcat]
2019-05-04 16:19:43.429 [main] INFO  org.apache.catalina.core.StandardEngine - Starting Servlet engine: [Apache Tomcat/9.0.17]
2019-05-04 16:19:43.543 [main] INFO  o.a.c.core.ContainerBase.[Tomcat].[localhost].[/] - Initializing Spring embedded WebApplicationContext
2019-05-04 16:19:43.543 [main] INFO  org.springframework.web.context.ContextLoader - Root WebApplicationContext: initialization completed in 1531 ms
2019-05-04 16:19:43.828 [main] INFO  o.s.scheduling.concurrent.ThreadPoolTaskExecutor - Initializing ExecutorService 'applicationTaskExecutor'
2019-05-04 16:19:44.569 [main] INFO  org.apache.coyote.http11.Http11NioProtocol - Starting ProtocolHandler ["http-nio-19316"]
2019-05-04 16:19:44.594 [main] INFO  o.s.boot.web.embedded.tomcat.TomcatWebServer - Tomcat started on port(s): 19316 (http) with context path ''
2019-05-04 16:19:44.598 [main] INFO  com.swust.fund.FundApplication - Started FundApplication in 3.331 seconds (JVM running for 4.157)
2019-05-04 16:19:48.968 [http-nio-19316-exec-1] INFO  o.a.c.core.ContainerBase.[Tomcat].[localhost].[/] - Initializing Spring DispatcherServlet 'dispatcherServlet'
2019-05-04 16:19:48.969 [http-nio-19316-exec-1] INFO  org.springframework.web.servlet.DispatcherServlet - Initializing Servlet 'dispatcherServlet'
2019-05-04 16:19:48.977 [http-nio-19316-exec-1] INFO  org.springframework.web.servlet.DispatcherServlet - Completed initialization in 8 ms
2019-05-04 16:20:08.514 [main] INFO  com.swust.fund.FundApplication - Starting FundApplication on DESKTOP-FE06405 with PID 6432 (E:\My_text\WLW\WLW\JAVA\fund\target\classes started by a9042 in E:\My_text\WLW\WLW\JAVA\fund)
2019-05-04 16:20:08.518 [main] INFO  com.swust.fund.FundApplication - No active profile set, falling back to default profiles: default
2019-05-04 16:20:09.423 [main] INFO  o.s.d.r.config.RepositoryConfigurationDelegate - Multiple Spring Data modules found, entering strict repository configuration mode!
2019-05-04 16:20:09.426 [main] INFO  o.s.d.r.config.RepositoryConfigurationDelegate - Bootstrapping Spring Data repositories in DEFAULT mode.
2019-05-04 16:20:09.452 [main] INFO  o.s.d.r.config.RepositoryConfigurationDelegate - Finished Spring Data repository scanning in 10ms. Found 0 repository interfaces.
2019-05-04 16:20:09.780 [main] INFO  o.s.c.s.PostProcessorRegistrationDelegate$BeanPostProcessorChecker - Bean 'org.springframework.transaction.annotation.ProxyTransactionManagementConfiguration' of type [org.springframework.transaction.annotation.ProxyTransactionManagementConfiguration$$EnhancerBySpringCGLIB$$4667790f] is not eligible for getting processed by all BeanPostProcessors (for example: not eligible for auto-proxying)
2019-05-04 16:20:10.123 [main] INFO  o.s.boot.web.embedded.tomcat.TomcatWebServer - Tomcat initialized with port(s): 19316 (http)
2019-05-04 16:20:10.139 [main] INFO  org.apache.coyote.http11.Http11NioProtocol - Initializing ProtocolHandler ["http-nio-19316"]
2019-05-04 16:20:10.148 [main] INFO  org.apache.catalina.core.StandardService - Starting service [Tomcat]
2019-05-04 16:20:10.149 [main] INFO  org.apache.catalina.core.StandardEngine - Starting Servlet engine: [Apache Tomcat/9.0.17]
2019-05-04 16:20:10.259 [main] INFO  o.a.c.core.ContainerBase.[Tomcat].[localhost].[/] - Initializing Spring embedded WebApplicationContext
2019-05-04 16:20:10.259 [main] INFO  org.springframework.web.context.ContextLoader - Root WebApplicationContext: initialization completed in 1652 ms
2019-05-04 16:20:10.523 [main] INFO  o.s.scheduling.concurrent.ThreadPoolTaskExecutor - Initializing ExecutorService 'applicationTaskExecutor'
2019-05-04 16:20:11.182 [main] INFO  org.apache.coyote.http11.Http11NioProtocol - Starting ProtocolHandler ["http-nio-19316"]
2019-05-04 16:20:11.205 [main] INFO  o.s.boot.web.embedded.tomcat.TomcatWebServer - Tomcat started on port(s): 19316 (http) with context path ''
2019-05-04 16:20:11.209 [main] INFO  com.swust.fund.FundApplication - Started FundApplication in 3.275 seconds (JVM running for 4.209)
2019-05-04 16:20:25.173 [http-nio-19316-exec-1] INFO  o.a.c.core.ContainerBase.[Tomcat].[localhost].[/] - Initializing Spring DispatcherServlet 'dispatcherServlet'
2019-05-04 16:20:25.173 [http-nio-19316-exec-1] INFO  org.springframework.web.servlet.DispatcherServlet - Initializing Servlet 'dispatcherServlet'
2019-05-04 16:20:25.181 [http-nio-19316-exec-1] INFO  org.springframework.web.servlet.DispatcherServlet - Completed initialization in 8 ms
2019-05-04 16:21:31.612 [main] INFO  com.swust.fund.FundApplication - Starting FundApplication on DESKTOP-FE06405 with PID 11012 (E:\My_text\WLW\WLW\JAVA\fund\target\classes started by a9042 in E:\My_text\WLW\WLW\JAVA\fund)
2019-05-04 16:21:31.616 [main] INFO  com.swust.fund.FundApplication - No active profile set, falling back to default profiles: default
2019-05-04 16:21:32.731 [main] INFO  o.s.d.r.config.RepositoryConfigurationDelegate - Multiple Spring Data modules found, entering strict repository configuration mode!
2019-05-04 16:21:32.733 [main] INFO  o.s.d.r.config.RepositoryConfigurationDelegate - Bootstrapping Spring Data repositories in DEFAULT mode.
2019-05-04 16:21:32.755 [main] INFO  o.s.d.r.config.RepositoryConfigurationDelegate - Finished Spring Data repository scanning in 8ms. Found 0 repository interfaces.
2019-05-04 16:21:33.076 [main] INFO  o.s.c.s.PostProcessorRegistrationDelegate$BeanPostProcessorChecker - Bean 'org.springframework.transaction.annotation.ProxyTransactionManagementConfiguration' of type [org.springframework.transaction.annotation.ProxyTransactionManagementConfiguration$$EnhancerBySpringCGLIB$$469934f3] is not eligible for getting processed by all BeanPostProcessors (for example: not eligible for auto-proxying)
2019-05-04 16:21:33.381 [main] INFO  o.s.boot.web.embedded.tomcat.TomcatWebServer - Tomcat initialized with port(s): 19316 (http)
2019-05-04 16:21:33.394 [main] INFO  org.apache.coyote.http11.Http11NioProtocol - Initializing ProtocolHandler ["http-nio-19316"]
2019-05-04 16:21:33.403 [main] INFO  org.apache.catalina.core.StandardService - Starting service [Tomcat]
2019-05-04 16:21:33.403 [main] INFO  org.apache.catalina.core.StandardEngine - Starting Servlet engine: [Apache Tomcat/9.0.17]
2019-05-04 16:21:33.504 [main] INFO  o.a.c.core.ContainerBase.[Tomcat].[localhost].[/] - Initializing Spring embedded WebApplicationContext
2019-05-04 16:21:33.505 [main] INFO  org.springframework.web.context.ContextLoader - Root WebApplicationContext: initialization completed in 1852 ms
2019-05-04 16:21:33.765 [main] INFO  o.s.scheduling.concurrent.ThreadPoolTaskExecutor - Initializing ExecutorService 'applicationTaskExecutor'
2019-05-04 16:21:34.396 [main] INFO  org.apache.coyote.http11.Http11NioProtocol - Starting ProtocolHandler ["http-nio-19316"]
2019-05-04 16:21:34.421 [main] INFO  o.s.boot.web.embedded.tomcat.TomcatWebServer - Tomcat started on port(s): 19316 (http) with context path ''
2019-05-04 16:21:34.423 [main] INFO  com.swust.fund.FundApplication - Started FundApplication in 3.504 seconds (JVM running for 4.44)
2019-05-04 16:21:37.689 [http-nio-19316-exec-1] INFO  o.a.c.core.ContainerBase.[Tomcat].[localhost].[/] - Initializing Spring DispatcherServlet 'dispatcherServlet'
2019-05-04 16:21:37.689 [http-nio-19316-exec-1] INFO  org.springframework.web.servlet.DispatcherServlet - Initializing Servlet 'dispatcherServlet'
2019-05-04 16:21:37.697 [http-nio-19316-exec-1] INFO  org.springframework.web.servlet.DispatcherServlet - Completed initialization in 8 ms
2019-05-04 16:22:55.481 [main] INFO  com.swust.fund.FundApplication - Starting FundApplication on DESKTOP-FE06405 with PID 3040 (E:\My_text\WLW\WLW\JAVA\fund\target\classes started by a9042 in E:\My_text\WLW\WLW\JAVA\fund)
2019-05-04 16:22:55.483 [main] INFO  com.swust.fund.FundApplication - No active profile set, falling back to default profiles: default
2019-05-04 16:22:56.294 [main] INFO  o.s.d.r.config.RepositoryConfigurationDelegate - Multiple Spring Data modules found, entering strict repository configuration mode!
2019-05-04 16:22:56.296 [main] INFO  o.s.d.r.config.RepositoryConfigurationDelegate - Bootstrapping Spring Data repositories in DEFAULT mode.
2019-05-04 16:22:56.315 [main] INFO  o.s.d.r.config.RepositoryConfigurationDelegate - Finished Spring Data repository scanning in 6ms. Found 0 repository interfaces.
2019-05-04 16:22:56.628 [main] INFO  o.s.c.s.PostProcessorRegistrationDelegate$BeanPostProcessorChecker - Bean 'org.springframework.transaction.annotation.ProxyTransactionManagementConfiguration' of type [org.springframework.transaction.annotation.ProxyTransactionManagementConfiguration$$EnhancerBySpringCGLIB$$8f4b0dc7] is not eligible for getting processed by all BeanPostProcessors (for example: not eligible for auto-proxying)
2019-05-04 16:22:56.936 [main] INFO  o.s.boot.web.embedded.tomcat.TomcatWebServer - Tomcat initialized with port(s): 19316 (http)
2019-05-04 16:22:56.950 [main] INFO  org.apache.coyote.http11.Http11NioProtocol - Initializing ProtocolHandler ["http-nio-19316"]
2019-05-04 16:22:56.957 [main] INFO  org.apache.catalina.core.StandardService - Starting service [Tomcat]
2019-05-04 16:22:56.958 [main] INFO  org.apache.catalina.core.StandardEngine - Starting Servlet engine: [Apache Tomcat/9.0.17]
2019-05-04 16:22:57.061 [main] INFO  o.a.c.core.ContainerBase.[Tomcat].[localhost].[/] - Initializing Spring embedded WebApplicationContext
2019-05-04 16:22:57.062 [main] INFO  org.springframework.web.context.ContextLoader - Root WebApplicationContext: initialization completed in 1535 ms
2019-05-04 16:22:57.324 [main] INFO  o.s.scheduling.concurrent.ThreadPoolTaskExecutor - Initializing ExecutorService 'applicationTaskExecutor'
2019-05-04 16:22:57.955 [main] INFO  org.apache.coyote.http11.Http11NioProtocol - Starting ProtocolHandler ["http-nio-19316"]
2019-05-04 16:22:57.979 [main] INFO  o.s.boot.web.embedded.tomcat.TomcatWebServer - Tomcat started on port(s): 19316 (http) with context path ''
2019-05-04 16:22:57.981 [main] INFO  com.swust.fund.FundApplication - Started FundApplication in 3.004 seconds (JVM running for 4.305)
2019-05-04 16:23:01.519 [http-nio-19316-exec-2] INFO  o.a.c.core.ContainerBase.[Tomcat].[localhost].[/] - Initializing Spring DispatcherServlet 'dispatcherServlet'
2019-05-04 16:23:01.519 [http-nio-19316-exec-2] INFO  org.springframework.web.servlet.DispatcherServlet - Initializing Servlet 'dispatcherServlet'
2019-05-04 16:23:01.527 [http-nio-19316-exec-2] INFO  org.springframework.web.servlet.DispatcherServlet - Completed initialization in 8 ms
2019-05-04 16:24:53.844 [main] INFO  com.swust.fund.FundApplication - Starting FundApplication on DESKTOP-FE06405 with PID 4784 (E:\My_text\WLW\WLW\JAVA\fund\target\classes started by a9042 in E:\My_text\WLW\WLW\JAVA\fund)
2019-05-04 16:24:53.847 [main] INFO  com.swust.fund.FundApplication - No active profile set, falling back to default profiles: default
2019-05-04 16:24:54.720 [main] INFO  o.s.d.r.config.RepositoryConfigurationDelegate - Multiple Spring Data modules found, entering strict repository configuration mode!
2019-05-04 16:24:54.722 [main] INFO  o.s.d.r.config.RepositoryConfigurationDelegate - Bootstrapping Spring Data repositories in DEFAULT mode.
2019-05-04 16:24:54.750 [main] INFO  o.s.d.r.config.RepositoryConfigurationDelegate - Finished Spring Data repository scanning in 10ms. Found 0 repository interfaces.
2019-05-04 16:24:55.235 [main] INFO  o.s.c.s.PostProcessorRegistrationDelegate$BeanPostProcessorChecker - Bean 'org.springframework.transaction.annotation.ProxyTransactionManagementConfiguration' of type [org.springframework.transaction.annotation.ProxyTransactionManagementConfiguration$$EnhancerBySpringCGLIB$$6e574a57] is not eligible for getting processed by all BeanPostProcessors (for example: not eligible for auto-proxying)
2019-05-04 16:24:55.533 [main] INFO  o.s.boot.web.embedded.tomcat.TomcatWebServer - Tomcat initialized with port(s): 19316 (http)
2019-05-04 16:24:55.548 [main] INFO  org.apache.coyote.http11.Http11NioProtocol - Initializing ProtocolHandler ["http-nio-19316"]
2019-05-04 16:24:55.557 [main] INFO  org.apache.catalina.core.StandardService - Starting service [Tomcat]
2019-05-04 16:24:55.557 [main] INFO  org.apache.catalina.core.StandardEngine - Starting Servlet engine: [Apache Tomcat/9.0.17]
2019-05-04 16:24:55.657 [main] INFO  o.a.c.core.ContainerBase.[Tomcat].[localhost].[/] - Initializing Spring embedded WebApplicationContext
2019-05-04 16:24:55.658 [main] INFO  org.springframework.web.context.ContextLoader - Root WebApplicationContext: initialization completed in 1764 ms
2019-05-04 16:24:55.918 [main] INFO  o.s.scheduling.concurrent.ThreadPoolTaskExecutor - Initializing ExecutorService 'applicationTaskExecutor'
2019-05-04 16:24:56.589 [main] INFO  org.apache.coyote.http11.Http11NioProtocol - Starting ProtocolHandler ["http-nio-19316"]
2019-05-04 16:24:56.610 [main] INFO  o.s.boot.web.embedded.tomcat.TomcatWebServer - Tomcat started on port(s): 19316 (http) with context path ''
2019-05-04 16:24:56.612 [main] INFO  com.swust.fund.FundApplication - Started FundApplication in 3.266 seconds (JVM running for 4.091)
2019-05-04 16:24:59.207 [http-nio-19316-exec-1] INFO  o.a.c.core.ContainerBase.[Tomcat].[localhost].[/] - Initializing Spring DispatcherServlet 'dispatcherServlet'
2019-05-04 16:24:59.207 [http-nio-19316-exec-1] INFO  org.springframework.web.servlet.DispatcherServlet - Initializing Servlet 'dispatcherServlet'
2019-05-04 16:24:59.215 [http-nio-19316-exec-1] INFO  org.springframework.web.servlet.DispatcherServlet - Completed initialization in 8 ms
2019-05-04 16:25:13.894 [main] INFO  com.swust.fund.FundApplication - Starting FundApplication on DESKTOP-FE06405 with PID 10924 (E:\My_text\WLW\WLW\JAVA\fund\target\classes started by a9042 in E:\My_text\WLW\WLW\JAVA\fund)
2019-05-04 16:25:13.897 [main] INFO  com.swust.fund.FundApplication - No active profile set, falling back to default profiles: default
2019-05-04 16:25:14.927 [main] INFO  o.s.d.r.config.RepositoryConfigurationDelegate - Multiple Spring Data modules found, entering strict repository configuration mode!
2019-05-04 16:25:14.930 [main] INFO  o.s.d.r.config.RepositoryConfigurationDelegate - Bootstrapping Spring Data repositories in DEFAULT mode.
2019-05-04 16:25:14.952 [main] INFO  o.s.d.r.config.RepositoryConfigurationDelegate - Finished Spring Data repository scanning in 9ms. Found 0 repository interfaces.
2019-05-04 16:25:15.442 [main] INFO  o.s.c.s.PostProcessorRegistrationDelegate$BeanPostProcessorChecker - Bean 'org.springframework.transaction.annotation.ProxyTransactionManagementConfiguration' of type [org.springframework.transaction.annotation.ProxyTransactionManagementConfiguration$$EnhancerBySpringCGLIB$$1dc9ea26] is not eligible for getting processed by all BeanPostProcessors (for example: not eligible for auto-proxying)
2019-05-04 16:25:15.753 [main] INFO  o.s.boot.web.embedded.tomcat.TomcatWebServer - Tomcat initialized with port(s): 19316 (http)
2019-05-04 16:25:15.771 [main] INFO  org.apache.coyote.http11.Http11NioProtocol - Initializing ProtocolHandler ["http-nio-19316"]
2019-05-04 16:25:15.780 [main] INFO  org.apache.catalina.core.StandardService - Starting service [Tomcat]
2019-05-04 16:25:15.780 [main] INFO  org.apache.catalina.core.StandardEngine - Starting Servlet engine: [Apache Tomcat/9.0.17]
2019-05-04 16:25:15.885 [main] INFO  o.a.c.core.ContainerBase.[Tomcat].[localhost].[/] - Initializing Spring embedded WebApplicationContext
2019-05-04 16:25:15.886 [main] INFO  org.springframework.web.context.ContextLoader - Root WebApplicationContext: initialization completed in 1936 ms
2019-05-04 16:25:16.180 [main] INFO  o.s.scheduling.concurrent.ThreadPoolTaskExecutor - Initializing ExecutorService 'applicationTaskExecutor'
2019-05-04 16:25:16.875 [main] INFO  org.apache.coyote.http11.Http11NioProtocol - Starting ProtocolHandler ["http-nio-19316"]
2019-05-04 16:25:16.900 [main] INFO  o.s.boot.web.embedded.tomcat.TomcatWebServer - Tomcat started on port(s): 19316 (http) with context path ''
2019-05-04 16:25:16.903 [main] INFO  com.swust.fund.FundApplication - Started FundApplication in 3.636 seconds (JVM running for 4.686)
2019-05-04 16:25:20.244 [http-nio-19316-exec-1] INFO  o.a.c.core.ContainerBase.[Tomcat].[localhost].[/] - Initializing Spring DispatcherServlet 'dispatcherServlet'
2019-05-04 16:25:20.245 [http-nio-19316-exec-1] INFO  org.springframework.web.servlet.DispatcherServlet - Initializing Servlet 'dispatcherServlet'
2019-05-04 16:25:20.251 [http-nio-19316-exec-1] INFO  org.springframework.web.servlet.DispatcherServlet - Completed initialization in 6 ms
2019-05-04 17:05:02.577 [main] INFO  com.swust.fund.FundApplication - Starting FundApplication on DESKTOP-FE06405 with PID 14128 (E:\My_text\WLW\WLW\JAVA\fund\target\classes started by a9042 in E:\My_text\WLW\WLW\JAVA\fund)
2019-05-04 17:05:02.580 [main] INFO  com.swust.fund.FundApplication - No active profile set, falling back to default profiles: default
2019-05-04 17:05:03.471 [main] INFO  o.s.d.r.config.RepositoryConfigurationDelegate - Multiple Spring Data modules found, entering strict repository configuration mode!
2019-05-04 17:05:03.473 [main] INFO  o.s.d.r.config.RepositoryConfigurationDelegate - Bootstrapping Spring Data repositories in DEFAULT mode.
2019-05-04 17:05:03.500 [main] INFO  o.s.d.r.config.RepositoryConfigurationDelegate - Finished Spring Data repository scanning in 14ms. Found 0 repository interfaces.
2019-05-04 17:05:03.821 [main] INFO  o.s.c.s.PostProcessorRegistrationDelegate$BeanPostProcessorChecker - Bean 'org.springframework.transaction.annotation.ProxyTransactionManagementConfiguration' of type [org.springframework.transaction.annotation.ProxyTransactionManagementConfiguration$$EnhancerBySpringCGLIB$$59017baf] is not eligible for getting processed by all BeanPostProcessors (for example: not eligible for auto-proxying)
2019-05-04 17:05:04.386 [main] INFO  o.s.boot.web.embedded.tomcat.TomcatWebServer - Tomcat initialized with port(s): 19316 (http)
2019-05-04 17:05:04.400 [main] INFO  org.apache.coyote.http11.Http11NioProtocol - Initializing ProtocolHandler ["http-nio-19316"]
2019-05-04 17:05:04.408 [main] INFO  org.apache.catalina.core.StandardService - Starting service [Tomcat]
2019-05-04 17:05:04.408 [main] INFO  org.apache.catalina.core.StandardEngine - Starting Servlet engine: [Apache Tomcat/9.0.17]
2019-05-04 17:05:04.568 [main] INFO  o.a.c.core.ContainerBase.[Tomcat].[localhost].[/] - Initializing Spring embedded WebApplicationContext
2019-05-04 17:05:04.569 [main] INFO  org.springframework.web.context.ContextLoader - Root WebApplicationContext: initialization completed in 1908 ms
2019-05-04 17:05:04.653 [main] INFO  org.apache.catalina.core.StandardService - Stopping service [Tomcat]
2019-05-04 17:05:04.670 [main] INFO  o.s.b.a.l.ConditionEvaluationReportLoggingListener - 

Error starting ApplicationContext. To display the conditions report re-run your application with 'debug' enabled.
2019-05-04 17:07:25.703 [main] INFO  com.swust.fund.FundApplication - Starting FundApplication on DESKTOP-FE06405 with PID 9528 (E:\My_text\WLW\WLW\JAVA\fund\target\classes started by a9042 in E:\My_text\WLW\WLW\JAVA\fund)
2019-05-04 17:07:25.706 [main] INFO  com.swust.fund.FundApplication - No active profile set, falling back to default profiles: default
2019-05-04 17:07:26.662 [main] INFO  o.s.d.r.config.RepositoryConfigurationDelegate - Multiple Spring Data modules found, entering strict repository configuration mode!
2019-05-04 17:07:26.668 [main] INFO  o.s.d.r.config.RepositoryConfigurationDelegate - Bootstrapping Spring Data repositories in DEFAULT mode.
2019-05-04 17:07:26.711 [main] INFO  o.s.d.r.config.RepositoryConfigurationDelegate - Finished Spring Data repository scanning in 25ms. Found 0 repository interfaces.
2019-05-04 17:07:27.155 [main] INFO  o.s.c.s.PostProcessorRegistrationDelegate$BeanPostProcessorChecker - Bean 'org.springframework.transaction.annotation.ProxyTransactionManagementConfiguration' of type [org.springframework.transaction.annotation.ProxyTransactionManagementConfiguration$$EnhancerBySpringCGLIB$$5b9e64e9] is not eligible for getting processed by all BeanPostProcessors (for example: not eligible for auto-proxying)
2019-05-04 17:07:27.436 [main] INFO  o.s.boot.web.embedded.tomcat.TomcatWebServer - Tomcat initialized with port(s): 19316 (http)
2019-05-04 17:07:27.450 [main] INFO  org.apache.coyote.http11.Http11NioProtocol - Initializing ProtocolHandler ["http-nio-19316"]
2019-05-04 17:07:27.458 [main] INFO  org.apache.catalina.core.StandardService - Starting service [Tomcat]
2019-05-04 17:07:27.459 [main] INFO  org.apache.catalina.core.StandardEngine - Starting Servlet engine: [Apache Tomcat/9.0.17]
2019-05-04 17:07:27.574 [main] INFO  o.a.c.core.ContainerBase.[Tomcat].[localhost].[/] - Initializing Spring embedded WebApplicationContext
2019-05-04 17:07:27.575 [main] INFO  org.springframework.web.context.ContextLoader - Root WebApplicationContext: initialization completed in 1830 ms
2019-05-04 17:07:27.919 [main] INFO  org.apache.catalina.core.StandardService - Stopping service [Tomcat]
2019-05-04 17:07:27.929 [main] INFO  o.s.b.a.l.ConditionEvaluationReportLoggingListener - 

Error starting ApplicationContext. To display the conditions report re-run your application with 'debug' enabled.
2019-05-04 17:10:04.713 [main] INFO  com.swust.fund.FundApplication - Starting FundApplication on DESKTOP-FE06405 with PID 14856 (E:\My_text\WLW\WLW\JAVA\fund\target\classes started by a9042 in E:\My_text\WLW\WLW\JAVA\fund)
2019-05-04 17:10:04.716 [main] INFO  com.swust.fund.FundApplication - No active profile set, falling back to default profiles: default
2019-05-04 17:10:05.560 [main] INFO  o.s.d.r.config.RepositoryConfigurationDelegate - Multiple Spring Data modules found, entering strict repository configuration mode!
2019-05-04 17:10:05.562 [main] INFO  o.s.d.r.config.RepositoryConfigurationDelegate - Bootstrapping Spring Data repositories in DEFAULT mode.
2019-05-04 17:10:05.596 [main] INFO  o.s.d.r.config.RepositoryConfigurationDelegate - Finished Spring Data repository scanning in 20ms. Found 0 repository interfaces.
2019-05-04 17:10:05.928 [main] INFO  o.s.c.s.PostProcessorRegistrationDelegate$BeanPostProcessorChecker - Bean 'org.springframework.transaction.annotation.ProxyTransactionManagementConfiguration' of type [org.springframework.transaction.annotation.ProxyTransactionManagementConfiguration$$EnhancerBySpringCGLIB$$a93af6ce] is not eligible for getting processed by all BeanPostProcessors (for example: not eligible for auto-proxying)
2019-05-04 17:10:06.230 [main] INFO  o.s.boot.web.embedded.tomcat.TomcatWebServer - Tomcat initialized with port(s): 19316 (http)
2019-05-04 17:10:06.242 [main] INFO  org.apache.coyote.http11.Http11NioProtocol - Initializing ProtocolHandler ["http-nio-19316"]
2019-05-04 17:10:06.252 [main] INFO  org.apache.catalina.core.StandardService - Starting service [Tomcat]
2019-05-04 17:10:06.252 [main] INFO  org.apache.catalina.core.StandardEngine - Starting Servlet engine: [Apache Tomcat/9.0.17]
2019-05-04 17:10:06.368 [main] INFO  o.a.c.core.ContainerBase.[Tomcat].[localhost].[/] - Initializing Spring embedded WebApplicationContext
2019-05-04 17:10:06.369 [main] INFO  org.springframework.web.context.ContextLoader - Root WebApplicationContext: initialization completed in 1609 ms
2019-05-04 17:10:07.283 [main] INFO  o.s.scheduling.concurrent.ThreadPoolTaskExecutor - Initializing ExecutorService 'applicationTaskExecutor'
2019-05-04 17:10:07.578 [main] INFO  org.apache.coyote.http11.Http11NioProtocol - Starting ProtocolHandler ["http-nio-19316"]
2019-05-04 17:10:07.603 [main] INFO  o.s.boot.web.embedded.tomcat.TomcatWebServer - Tomcat started on port(s): 19316 (http) with context path ''
2019-05-04 17:10:07.606 [main] INFO  com.swust.fund.FundApplication - Started FundApplication in 3.443 seconds (JVM running for 4.297)
2019-05-04 17:10:15.080 [http-nio-19316-exec-1] INFO  o.a.c.core.ContainerBase.[Tomcat].[localhost].[/] - Initializing Spring DispatcherServlet 'dispatcherServlet'
2019-05-04 17:10:15.080 [http-nio-19316-exec-1] INFO  org.springframework.web.servlet.DispatcherServlet - Initializing Servlet 'dispatcherServlet'
2019-05-04 17:10:15.087 [http-nio-19316-exec-1] INFO  org.springframework.web.servlet.DispatcherServlet - Completed initialization in 7 ms
2019-05-04 17:11:37.291 [main] INFO  com.swust.fund.FundApplication - Starting FundApplication on DESKTOP-FE06405 with PID 2096 (E:\My_text\WLW\WLW\JAVA\fund\target\classes started by a9042 in E:\My_text\WLW\WLW\JAVA\fund)
2019-05-04 17:11:37.294 [main] INFO  com.swust.fund.FundApplication - No active profile set, falling back to default profiles: default
2019-05-04 17:11:38.364 [main] INFO  o.s.d.r.config.RepositoryConfigurationDelegate - Multiple Spring Data modules found, entering strict repository configuration mode!
2019-05-04 17:11:38.366 [main] INFO  o.s.d.r.config.RepositoryConfigurationDelegate - Bootstrapping Spring Data repositories in DEFAULT mode.
2019-05-04 17:11:38.417 [main] INFO  o.s.d.r.config.RepositoryConfigurationDelegate - Finished Spring Data repository scanning in 30ms. Found 0 repository interfaces.
2019-05-04 17:11:38.826 [main] INFO  o.s.c.s.PostProcessorRegistrationDelegate$BeanPostProcessorChecker - Bean 'org.springframework.transaction.annotation.ProxyTransactionManagementConfiguration' of type [org.springframework.transaction.annotation.ProxyTransactionManagementConfiguration$$EnhancerBySpringCGLIB$$2eaf020c] is not eligible for getting processed by all BeanPostProcessors (for example: not eligible for auto-proxying)
2019-05-04 17:11:39.185 [main] INFO  o.s.boot.web.embedded.tomcat.TomcatWebServer - Tomcat initialized with port(s): 19316 (http)
2019-05-04 17:11:39.202 [main] INFO  org.apache.coyote.http11.Http11NioProtocol - Initializing ProtocolHandler ["http-nio-19316"]
2019-05-04 17:11:39.213 [main] INFO  org.apache.catalina.core.StandardService - Starting service [Tomcat]
2019-05-04 17:11:39.213 [main] INFO  org.apache.catalina.core.StandardEngine - Starting Servlet engine: [Apache Tomcat/9.0.17]
2019-05-04 17:11:39.348 [main] INFO  o.a.c.core.ContainerBase.[Tomcat].[localhost].[/] - Initializing Spring embedded WebApplicationContext
2019-05-04 17:11:39.349 [main] INFO  org.springframework.web.context.ContextLoader - Root WebApplicationContext: initialization completed in 1996 ms
2019-05-04 17:11:40.531 [main] INFO  o.s.scheduling.concurrent.ThreadPoolTaskExecutor - Initializing ExecutorService 'applicationTaskExecutor'
2019-05-04 17:11:40.863 [main] INFO  org.apache.coyote.http11.Http11NioProtocol - Starting ProtocolHandler ["http-nio-19316"]
2019-05-04 17:11:40.889 [main] INFO  o.s.boot.web.embedded.tomcat.TomcatWebServer - Tomcat started on port(s): 19316 (http) with context path ''
2019-05-04 17:11:40.892 [main] INFO  com.swust.fund.FundApplication - Started FundApplication in 4.168 seconds (JVM running for 5.181)
2019-05-04 17:11:41.011 [http-nio-19316-exec-1] INFO  o.a.c.core.ContainerBase.[Tomcat].[localhost].[/] - Initializing Spring DispatcherServlet 'dispatcherServlet'
2019-05-04 17:11:41.011 [http-nio-19316-exec-1] INFO  org.springframework.web.servlet.DispatcherServlet - Initializing Servlet 'dispatcherServlet'
2019-05-04 17:11:41.017 [http-nio-19316-exec-1] INFO  org.springframework.web.servlet.DispatcherServlet - Completed initialization in 6 ms
2019-05-04 17:12:47.552 [main] INFO  com.swust.fund.FundApplication - Starting FundApplication on DESKTOP-FE06405 with PID 8380 (E:\My_text\WLW\WLW\JAVA\fund\target\classes started by a9042 in E:\My_text\WLW\WLW\JAVA\fund)
2019-05-04 17:12:47.556 [main] INFO  com.swust.fund.FundApplication - No active profile set, falling back to default profiles: default
2019-05-04 17:12:48.803 [main] INFO  o.s.d.r.config.RepositoryConfigurationDelegate - Multiple Spring Data modules found, entering strict repository configuration mode!
2019-05-04 17:12:48.808 [main] INFO  o.s.d.r.config.RepositoryConfigurationDelegate - Bootstrapping Spring Data repositories in DEFAULT mode.
2019-05-04 17:12:48.849 [main] INFO  o.s.d.r.config.RepositoryConfigurationDelegate - Finished Spring Data repository scanning in 22ms. Found 0 repository interfaces.
2019-05-04 17:12:49.224 [main] INFO  o.s.c.s.PostProcessorRegistrationDelegate$BeanPostProcessorChecker - Bean 'org.springframework.transaction.annotation.ProxyTransactionManagementConfiguration' of type [org.springframework.transaction.annotation.ProxyTransactionManagementConfiguration$$EnhancerBySpringCGLIB$$d6ce6826] is not eligible for getting processed by all BeanPostProcessors (for example: not eligible for auto-proxying)
2019-05-04 17:12:49.578 [main] INFO  o.s.boot.web.embedded.tomcat.TomcatWebServer - Tomcat initialized with port(s): 19316 (http)
2019-05-04 17:12:49.593 [main] INFO  org.apache.coyote.http11.Http11NioProtocol - Initializing ProtocolHandler ["http-nio-19316"]
2019-05-04 17:12:49.604 [main] INFO  org.apache.catalina.core.StandardService - Starting service [Tomcat]
2019-05-04 17:12:49.604 [main] INFO  org.apache.catalina.core.StandardEngine - Starting Servlet engine: [Apache Tomcat/9.0.17]
2019-05-04 17:12:49.735 [main] INFO  o.a.c.core.ContainerBase.[Tomcat].[localhost].[/] - Initializing Spring embedded WebApplicationContext
2019-05-04 17:12:49.735 [main] INFO  org.springframework.web.context.ContextLoader - Root WebApplicationContext: initialization completed in 2128 ms
2019-05-04 17:12:50.826 [main] INFO  s.d.s.w.PropertySourcedRequestMappingHandlerMapping - Mapped URL path [/v2/api-docs] onto method [public org.springframework.http.ResponseEntity<springfox.documentation.spring.web.json.Json> springfox.documentation.swagger2.web.Swagger2Controller.getDocumentation(java.lang.String,javax.servlet.http.HttpServletRequest)]
2019-05-04 17:12:51.045 [main] INFO  o.s.scheduling.concurrent.ThreadPoolTaskExecutor - Initializing ExecutorService 'applicationTaskExecutor'
2019-05-04 17:12:51.454 [main] INFO  s.d.s.web.plugins.DocumentationPluginsBootstrapper - Context refreshed
2019-05-04 17:12:51.475 [main] INFO  s.d.s.web.plugins.DocumentationPluginsBootstrapper - Found 1 custom documentation plugin(s)
2019-05-04 17:12:51.513 [main] INFO  s.d.spring.web.scanners.ApiListingReferenceScanner - Scanning for api listing references
2019-05-04 17:12:51.688 [main] INFO  org.apache.coyote.http11.Http11NioProtocol - Starting ProtocolHandler ["http-nio-19316"]
2019-05-04 17:12:51.715 [main] INFO  o.s.boot.web.embedded.tomcat.TomcatWebServer - Tomcat started on port(s): 19316 (http) with context path ''
2019-05-04 17:12:51.718 [main] INFO  com.swust.fund.FundApplication - Started FundApplication in 4.773 seconds (JVM running for 5.769)
2019-05-04 17:12:55.897 [http-nio-19316-exec-2] INFO  o.a.c.core.ContainerBase.[Tomcat].[localhost].[/] - Initializing Spring DispatcherServlet 'dispatcherServlet'
2019-05-04 17:12:55.898 [http-nio-19316-exec-2] INFO  org.springframework.web.servlet.DispatcherServlet - Initializing Servlet 'dispatcherServlet'
2019-05-04 17:12:55.935 [http-nio-19316-exec-2] INFO  org.springframework.web.servlet.DispatcherServlet - Completed initialization in 37 ms
2019-05-04 17:32:16.044 [main] INFO  com.swust.fund.FundApplication - Starting FundApplication on DESKTOP-FE06405 with PID 5932 (E:\My_text\WLW\WLW\JAVA\fund\target\classes started by a9042 in E:\My_text\WLW\WLW\JAVA\fund)
2019-05-04 17:32:16.046 [main] INFO  com.swust.fund.FundApplication - No active profile set, falling back to default profiles: default
2019-05-04 17:32:17.438 [main] INFO  o.s.d.r.config.RepositoryConfigurationDelegate - Multiple Spring Data modules found, entering strict repository configuration mode!
2019-05-04 17:32:17.442 [main] INFO  o.s.d.r.config.RepositoryConfigurationDelegate - Bootstrapping Spring Data repositories in DEFAULT mode.
2019-05-04 17:32:17.477 [main] INFO  o.s.d.r.config.RepositoryConfigurationDelegate - Finished Spring Data repository scanning in 22ms. Found 0 repository interfaces.
2019-05-04 17:32:17.821 [main] INFO  o.s.c.s.PostProcessorRegistrationDelegate$BeanPostProcessorChecker - Bean 'org.springframework.transaction.annotation.ProxyTransactionManagementConfiguration' of type [org.springframework.transaction.annotation.ProxyTransactionManagementConfiguration$$EnhancerBySpringCGLIB$$81bd4cd] is not eligible for getting processed by all BeanPostProcessors (for example: not eligible for auto-proxying)
2019-05-04 17:32:18.232 [main] INFO  o.s.boot.web.embedded.tomcat.TomcatWebServer - Tomcat initialized with port(s): 19316 (http)
2019-05-04 17:32:18.249 [main] INFO  org.apache.coyote.http11.Http11NioProtocol - Initializing ProtocolHandler ["http-nio-19316"]
2019-05-04 17:32:18.260 [main] INFO  org.apache.catalina.core.StandardService - Starting service [Tomcat]
2019-05-04 17:32:18.261 [main] INFO  org.apache.catalina.core.StandardEngine - Starting Servlet engine: [Apache Tomcat/9.0.17]
2019-05-04 17:32:18.394 [main] INFO  o.a.c.core.ContainerBase.[Tomcat].[localhost].[/] - Initializing Spring embedded WebApplicationContext
2019-05-04 17:32:18.394 [main] INFO  org.springframework.web.context.ContextLoader - Root WebApplicationContext: initialization completed in 2285 ms
2019-05-04 17:32:19.474 [main] INFO  s.d.s.w.PropertySourcedRequestMappingHandlerMapping - Mapped URL path [/v2/api-docs] onto method [public org.springframework.http.ResponseEntity<springfox.documentation.spring.web.json.Json> springfox.documentation.swagger2.web.Swagger2Controller.getDocumentation(java.lang.String,javax.servlet.http.HttpServletRequest)]
2019-05-04 17:32:19.635 [main] INFO  o.s.scheduling.concurrent.ThreadPoolTaskExecutor - Initializing ExecutorService 'applicationTaskExecutor'
2019-05-04 17:32:19.965 [main] INFO  s.d.s.web.plugins.DocumentationPluginsBootstrapper - Context refreshed
2019-05-04 17:32:19.984 [main] INFO  s.d.s.web.plugins.DocumentationPluginsBootstrapper - Found 1 custom documentation plugin(s)
2019-05-04 17:32:20.021 [main] INFO  s.d.spring.web.scanners.ApiListingReferenceScanner - Scanning for api listing references
2019-05-04 17:32:20.170 [main] INFO  org.apache.coyote.http11.Http11NioProtocol - Starting ProtocolHandler ["http-nio-19316"]
2019-05-04 17:32:20.199 [main] INFO  o.s.boot.web.embedded.tomcat.TomcatWebServer - Tomcat started on port(s): 19316 (http) with context path ''
2019-05-04 17:32:20.202 [main] INFO  com.swust.fund.FundApplication - Started FundApplication in 4.636 seconds (JVM running for 5.57)
2019-05-04 17:32:25.521 [http-nio-19316-exec-1] INFO  o.a.c.core.ContainerBase.[Tomcat].[localhost].[/] - Initializing Spring DispatcherServlet 'dispatcherServlet'
2019-05-04 17:32:25.522 [http-nio-19316-exec-1] INFO  org.springframework.web.servlet.DispatcherServlet - Initializing Servlet 'dispatcherServlet'
2019-05-04 17:32:25.530 [http-nio-19316-exec-1] INFO  org.springframework.web.servlet.DispatcherServlet - Completed initialization in 8 ms
2019-05-04 17:32:46.399 [http-nio-19316-exec-7] INFO  com.zaxxer.hikari.HikariDataSource - HikariPool-1 - Starting...
2019-05-04 17:32:46.643 [http-nio-19316-exec-7] INFO  com.zaxxer.hikari.HikariDataSource - HikariPool-1 - Start completed.
2019-05-04 17:33:45.588 [main] INFO  com.swust.fund.FundApplication - Starting FundApplication on DESKTOP-FE06405 with PID 17396 (E:\My_text\WLW\WLW\JAVA\fund\target\classes started by a9042 in E:\My_text\WLW\WLW\JAVA\fund)
2019-05-04 17:33:45.592 [main] INFO  com.swust.fund.FundApplication - No active profile set, falling back to default profiles: default
2019-05-04 17:33:46.807 [main] INFO  o.s.d.r.config.RepositoryConfigurationDelegate - Multiple Spring Data modules found, entering strict repository configuration mode!
2019-05-04 17:33:46.810 [main] INFO  o.s.d.r.config.RepositoryConfigurationDelegate - Bootstrapping Spring Data repositories in DEFAULT mode.
2019-05-04 17:33:46.852 [main] INFO  o.s.d.r.config.RepositoryConfigurationDelegate - Finished Spring Data repository scanning in 26ms. Found 0 repository interfaces.
2019-05-04 17:33:47.203 [main] INFO  o.s.c.s.PostProcessorRegistrationDelegate$BeanPostProcessorChecker - Bean 'org.springframework.transaction.annotation.ProxyTransactionManagementConfiguration' of type [org.springframework.transaction.annotation.ProxyTransactionManagementConfiguration$$EnhancerBySpringCGLIB$$a51acab3] is not eligible for getting processed by all BeanPostProcessors (for example: not eligible for auto-proxying)
2019-05-04 17:33:47.521 [main] INFO  o.s.boot.web.embedded.tomcat.TomcatWebServer - Tomcat initialized with port(s): 19316 (http)
2019-05-04 17:33:47.534 [main] INFO  org.apache.coyote.http11.Http11NioProtocol - Initializing ProtocolHandler ["http-nio-19316"]
2019-05-04 17:33:47.545 [main] INFO  org.apache.catalina.core.StandardService - Starting service [Tomcat]
2019-05-04 17:33:47.545 [main] INFO  org.apache.catalina.core.StandardEngine - Starting Servlet engine: [Apache Tomcat/9.0.17]
2019-05-04 17:33:47.675 [main] INFO  o.a.c.core.ContainerBase.[Tomcat].[localhost].[/] - Initializing Spring embedded WebApplicationContext
2019-05-04 17:33:47.675 [main] INFO  org.springframework.web.context.ContextLoader - Root WebApplicationContext: initialization completed in 2024 ms
2019-05-04 17:33:48.694 [main] INFO  s.d.s.w.PropertySourcedRequestMappingHandlerMapping - Mapped URL path [/v2/api-docs] onto method [public org.springframework.http.ResponseEntity<springfox.documentation.spring.web.json.Json> springfox.documentation.swagger2.web.Swagger2Controller.getDocumentation(java.lang.String,javax.servlet.http.HttpServletRequest)]
2019-05-04 17:33:48.854 [main] INFO  o.s.scheduling.concurrent.ThreadPoolTaskExecutor - Initializing ExecutorService 'applicationTaskExecutor'
2019-05-04 17:33:49.207 [main] INFO  s.d.s.web.plugins.DocumentationPluginsBootstrapper - Context refreshed
2019-05-04 17:33:49.224 [main] INFO  s.d.s.web.plugins.DocumentationPluginsBootstrapper - Found 1 custom documentation plugin(s)
2019-05-04 17:33:49.254 [main] INFO  s.d.spring.web.scanners.ApiListingReferenceScanner - Scanning for api listing references
2019-05-04 17:33:49.398 [main] INFO  org.apache.coyote.http11.Http11NioProtocol - Starting ProtocolHandler ["http-nio-19316"]
2019-05-04 17:33:49.423 [main] INFO  o.s.boot.web.embedded.tomcat.TomcatWebServer - Tomcat started on port(s): 19316 (http) with context path ''
2019-05-04 17:33:49.429 [main] INFO  com.swust.fund.FundApplication - Started FundApplication in 4.413 seconds (JVM running for 5.286)
2019-05-04 17:33:51.129 [http-nio-19316-exec-1] INFO  o.a.c.core.ContainerBase.[Tomcat].[localhost].[/] - Initializing Spring DispatcherServlet 'dispatcherServlet'
2019-05-04 17:33:51.130 [http-nio-19316-exec-1] INFO  org.springframework.web.servlet.DispatcherServlet - Initializing Servlet 'dispatcherServlet'
2019-05-04 17:33:51.140 [http-nio-19316-exec-1] INFO  org.springframework.web.servlet.DispatcherServlet - Completed initialization in 10 ms
2019-05-04 17:33:51.194 [http-nio-19316-exec-1] INFO  com.zaxxer.hikari.HikariDataSource - HikariPool-1 - Starting...
2019-05-04 17:33:51.299 [http-nio-19316-exec-1] INFO  com.zaxxer.hikari.HikariDataSource - HikariPool-1 - Start completed.
2019-05-04 17:33:52.002 [http-nio-19316-exec-1] INFO  io.lettuce.core.EpollProvider - Starting without optional epoll library
2019-05-04 17:33:52.004 [http-nio-19316-exec-1] INFO  io.lettuce.core.KqueueProvider - Starting without optional kqueue library
2019-05-04 18:53:42.897 [main] INFO  com.swust.fund.FundApplication - Starting FundApplication on DESKTOP-FE06405 with PID 3800 (E:\My_text\WLW\WLW\JAVA\fund\target\classes started by a9042 in E:\My_text\WLW\WLW\JAVA\fund)
2019-05-04 18:53:42.913 [main] INFO  com.swust.fund.FundApplication - No active profile set, falling back to default profiles: default
2019-05-04 18:53:45.025 [main] INFO  o.s.d.r.config.RepositoryConfigurationDelegate - Multiple Spring Data modules found, entering strict repository configuration mode!
2019-05-04 18:53:45.027 [main] INFO  o.s.d.r.config.RepositoryConfigurationDelegate - Bootstrapping Spring Data repositories in DEFAULT mode.
2019-05-04 18:53:45.085 [main] INFO  o.s.d.r.config.RepositoryConfigurationDelegate - Finished Spring Data repository scanning in 36ms. Found 0 repository interfaces.
2019-05-04 18:53:45.514 [main] INFO  o.s.c.s.PostProcessorRegistrationDelegate$BeanPostProcessorChecker - Bean 'org.springframework.transaction.annotation.ProxyTransactionManagementConfiguration' of type [org.springframework.transaction.annotation.ProxyTransactionManagementConfiguration$$EnhancerBySpringCGLIB$$17f9fb69] is not eligible for getting processed by all BeanPostProcessors (for example: not eligible for auto-proxying)
2019-05-04 18:53:46.071 [main] INFO  o.s.boot.web.embedded.tomcat.TomcatWebServer - Tomcat initialized with port(s): 19316 (http)
2019-05-04 18:53:46.091 [main] INFO  org.apache.coyote.http11.Http11NioProtocol - Initializing ProtocolHandler ["http-nio-19316"]
2019-05-04 18:53:46.107 [main] INFO  org.apache.catalina.core.StandardService - Starting service [Tomcat]
2019-05-04 18:53:46.107 [main] INFO  org.apache.catalina.core.StandardEngine - Starting Servlet engine: [Apache Tomcat/9.0.17]
2019-05-04 18:53:46.446 [main] INFO  o.a.c.core.ContainerBase.[Tomcat].[localhost].[/] - Initializing Spring embedded WebApplicationContext
2019-05-04 18:53:46.446 [main] INFO  org.springframework.web.context.ContextLoader - Root WebApplicationContext: initialization completed in 3435 ms
2019-05-04 18:53:47.968 [main] INFO  s.d.s.w.PropertySourcedRequestMappingHandlerMapping - Mapped URL path [/v2/api-docs] onto method [public org.springframework.http.ResponseEntity<springfox.documentation.spring.web.json.Json> springfox.documentation.swagger2.web.Swagger2Controller.getDocumentation(java.lang.String,javax.servlet.http.HttpServletRequest)]
2019-05-04 18:53:48.154 [main] INFO  o.s.scheduling.concurrent.ThreadPoolTaskExecutor - Initializing ExecutorService 'applicationTaskExecutor'
2019-05-04 18:53:48.350 [main] INFO  o.s.b.a.web.servlet.WelcomePageHandlerMapping - Adding welcome page: class path resource [static/index.html]
2019-05-04 18:53:48.603 [main] INFO  s.d.s.web.plugins.DocumentationPluginsBootstrapper - Context refreshed
2019-05-04 18:53:48.624 [main] INFO  s.d.s.web.plugins.DocumentationPluginsBootstrapper - Found 1 custom documentation plugin(s)
2019-05-04 18:53:48.660 [main] INFO  s.d.spring.web.scanners.ApiListingReferenceScanner - Scanning for api listing references
2019-05-04 18:53:48.848 [main] INFO  org.apache.coyote.http11.Http11NioProtocol - Starting ProtocolHandler ["http-nio-19316"]
2019-05-04 18:53:48.875 [main] INFO  o.s.boot.web.embedded.tomcat.TomcatWebServer - Tomcat started on port(s): 19316 (http) with context path ''
2019-05-04 18:53:48.878 [main] INFO  com.swust.fund.FundApplication - Started FundApplication in 7.142 seconds (JVM running for 8.808)
2019-05-04 18:53:57.984 [http-nio-19316-exec-1] INFO  o.a.c.core.ContainerBase.[Tomcat].[localhost].[/] - Initializing Spring DispatcherServlet 'dispatcherServlet'
2019-05-04 18:53:57.984 [http-nio-19316-exec-1] INFO  org.springframework.web.servlet.DispatcherServlet - Initializing Servlet 'dispatcherServlet'
2019-05-04 18:53:57.996 [http-nio-19316-exec-1] INFO  org.springframework.web.servlet.DispatcherServlet - Completed initialization in 12 ms
2019-05-04 18:54:52.017 [main] INFO  com.swust.fund.FundApplication - Starting FundApplication on DESKTOP-FE06405 with PID 10696 (E:\My_text\WLW\WLW\JAVA\fund\target\classes started by a9042 in E:\My_text\WLW\WLW\JAVA\fund)
2019-05-04 18:54:52.022 [main] INFO  com.swust.fund.FundApplication - No active profile set, falling back to default profiles: default
2019-05-04 18:54:53.381 [main] INFO  o.s.d.r.config.RepositoryConfigurationDelegate - Multiple Spring Data modules found, entering strict repository configuration mode!
2019-05-04 18:54:53.385 [main] INFO  o.s.d.r.config.RepositoryConfigurationDelegate - Bootstrapping Spring Data repositories in DEFAULT mode.
2019-05-04 18:54:53.427 [main] INFO  o.s.d.r.config.RepositoryConfigurationDelegate - Finished Spring Data repository scanning in 24ms. Found 0 repository interfaces.
2019-05-04 18:54:53.766 [main] INFO  o.s.c.s.PostProcessorRegistrationDelegate$BeanPostProcessorChecker - Bean 'org.springframework.transaction.annotation.ProxyTransactionManagementConfiguration' of type [org.springframework.transaction.annotation.ProxyTransactionManagementConfiguration$$EnhancerBySpringCGLIB$$2db93106] is not eligible for getting processed by all BeanPostProcessors (for example: not eligible for auto-proxying)
2019-05-04 18:54:54.119 [main] INFO  o.s.boot.web.embedded.tomcat.TomcatWebServer - Tomcat initialized with port(s): 19316 (http)
2019-05-04 18:54:54.137 [main] INFO  org.apache.coyote.http11.Http11NioProtocol - Initializing ProtocolHandler ["http-nio-19316"]
2019-05-04 18:54:54.148 [main] INFO  org.apache.catalina.core.StandardService - Starting service [Tomcat]
2019-05-04 18:54:54.149 [main] INFO  org.apache.catalina.core.StandardEngine - Starting Servlet engine: [Apache Tomcat/9.0.17]
2019-05-04 18:54:54.281 [main] INFO  o.a.c.core.ContainerBase.[Tomcat].[localhost].[/] - Initializing Spring embedded WebApplicationContext
2019-05-04 18:54:54.281 [main] INFO  org.springframework.web.context.ContextLoader - Root WebApplicationContext: initialization completed in 2190 ms
2019-05-04 18:54:55.411 [main] INFO  s.d.s.w.PropertySourcedRequestMappingHandlerMapping - Mapped URL path [/v2/api-docs] onto method [public org.springframework.http.ResponseEntity<springfox.documentation.spring.web.json.Json> springfox.documentation.swagger2.web.Swagger2Controller.getDocumentation(java.lang.String,javax.servlet.http.HttpServletRequest)]
2019-05-04 18:54:55.571 [main] INFO  o.s.scheduling.concurrent.ThreadPoolTaskExecutor - Initializing ExecutorService 'applicationTaskExecutor'
2019-05-04 18:54:55.687 [main] INFO  o.s.b.a.web.servlet.WelcomePageHandlerMapping - Adding welcome page: class path resource [static/index.html]
2019-05-04 18:54:55.905 [main] INFO  s.d.s.web.plugins.DocumentationPluginsBootstrapper - Context refreshed
2019-05-04 18:54:55.921 [main] INFO  s.d.s.web.plugins.DocumentationPluginsBootstrapper - Found 1 custom documentation plugin(s)
2019-05-04 18:54:55.954 [main] INFO  s.d.spring.web.scanners.ApiListingReferenceScanner - Scanning for api listing references
2019-05-04 18:54:56.110 [main] INFO  org.apache.coyote.http11.Http11NioProtocol - Starting ProtocolHandler ["http-nio-19316"]
2019-05-04 18:54:56.138 [main] INFO  o.s.boot.web.embedded.tomcat.TomcatWebServer - Tomcat started on port(s): 19316 (http) with context path ''
2019-05-04 18:54:56.141 [main] INFO  com.swust.fund.FundApplication - Started FundApplication in 4.772 seconds (JVM running for 5.754)
2019-05-04 18:54:56.947 [http-nio-19316-exec-1] INFO  o.a.c.core.ContainerBase.[Tomcat].[localhost].[/] - Initializing Spring DispatcherServlet 'dispatcherServlet'
2019-05-04 18:54:56.947 [http-nio-19316-exec-1] INFO  org.springframework.web.servlet.DispatcherServlet - Initializing Servlet 'dispatcherServlet'
2019-05-04 18:54:56.955 [http-nio-19316-exec-1] INFO  org.springframework.web.servlet.DispatcherServlet - Completed initialization in 8 ms
2019-05-04 18:56:35.707 [main] INFO  com.swust.fund.FundApplication - Starting FundApplication on DESKTOP-FE06405 with PID 15372 (E:\My_text\WLW\WLW\JAVA\fund\target\classes started by a9042 in E:\My_text\WLW\WLW\JAVA\fund)
2019-05-04 18:56:35.711 [main] INFO  com.swust.fund.FundApplication - No active profile set, falling back to default profiles: default
2019-05-04 18:56:37.188 [main] INFO  o.s.d.r.config.RepositoryConfigurationDelegate - Multiple Spring Data modules found, entering strict repository configuration mode!
2019-05-04 18:56:37.192 [main] INFO  o.s.d.r.config.RepositoryConfigurationDelegate - Bootstrapping Spring Data repositories in DEFAULT mode.
2019-05-04 18:56:37.231 [main] INFO  o.s.d.r.config.RepositoryConfigurationDelegate - Finished Spring Data repository scanning in 28ms. Found 0 repository interfaces.
2019-05-04 18:56:37.592 [main] INFO  o.s.c.s.PostProcessorRegistrationDelegate$BeanPostProcessorChecker - Bean 'org.springframework.transaction.annotation.ProxyTransactionManagementConfiguration' of type [org.springframework.transaction.annotation.ProxyTransactionManagementConfiguration$$EnhancerBySpringCGLIB$$46cb6f65] is not eligible for getting processed by all BeanPostProcessors (for example: not eligible for auto-proxying)
2019-05-04 18:56:37.954 [main] INFO  o.s.boot.web.embedded.tomcat.TomcatWebServer - Tomcat initialized with port(s): 19316 (http)
2019-05-04 18:56:37.969 [main] INFO  org.apache.coyote.http11.Http11NioProtocol - Initializing ProtocolHandler ["http-nio-19316"]
2019-05-04 18:56:37.977 [main] INFO  org.apache.catalina.core.StandardService - Starting service [Tomcat]
2019-05-04 18:56:37.978 [main] INFO  org.apache.catalina.core.StandardEngine - Starting Servlet engine: [Apache Tomcat/9.0.17]
2019-05-04 18:56:38.098 [main] INFO  o.a.c.core.ContainerBase.[Tomcat].[localhost].[/] - Initializing Spring embedded WebApplicationContext
2019-05-04 18:56:38.098 [main] INFO  org.springframework.web.context.ContextLoader - Root WebApplicationContext: initialization completed in 2332 ms
2019-05-04 18:56:39.125 [main] INFO  s.d.s.w.PropertySourcedRequestMappingHandlerMapping - Mapped URL path [/v2/api-docs] onto method [public org.springframework.http.ResponseEntity<springfox.documentation.spring.web.json.Json> springfox.documentation.swagger2.web.Swagger2Controller.getDocumentation(java.lang.String,javax.servlet.http.HttpServletRequest)]
2019-05-04 18:56:39.277 [main] INFO  o.s.scheduling.concurrent.ThreadPoolTaskExecutor - Initializing ExecutorService 'applicationTaskExecutor'
2019-05-04 18:56:39.394 [main] INFO  o.s.b.a.web.servlet.WelcomePageHandlerMapping - Adding welcome page: class path resource [static/index.html]
2019-05-04 18:56:39.610 [main] INFO  s.d.s.web.plugins.DocumentationPluginsBootstrapper - Context refreshed
2019-05-04 18:56:39.626 [main] INFO  s.d.s.web.plugins.DocumentationPluginsBootstrapper - Found 1 custom documentation plugin(s)
2019-05-04 18:56:39.658 [main] INFO  s.d.spring.web.scanners.ApiListingReferenceScanner - Scanning for api listing references
2019-05-04 18:56:39.798 [main] INFO  org.apache.coyote.http11.Http11NioProtocol - Starting ProtocolHandler ["http-nio-19316"]
2019-05-04 18:56:39.824 [main] INFO  o.s.boot.web.embedded.tomcat.TomcatWebServer - Tomcat started on port(s): 19316 (http) with context path ''
2019-05-04 18:56:39.827 [main] INFO  com.swust.fund.FundApplication - Started FundApplication in 4.691 seconds (JVM running for 5.536)
2019-05-04 18:56:40.576 [http-nio-19316-exec-1] INFO  o.a.c.core.ContainerBase.[Tomcat].[localhost].[/] - Initializing Spring DispatcherServlet 'dispatcherServlet'
2019-05-04 18:56:40.576 [http-nio-19316-exec-1] INFO  org.springframework.web.servlet.DispatcherServlet - Initializing Servlet 'dispatcherServlet'
2019-05-04 18:56:40.585 [http-nio-19316-exec-1] INFO  org.springframework.web.servlet.DispatcherServlet - Completed initialization in 9 ms
2019-05-04 18:57:44.917 [main] INFO  com.swust.fund.FundApplication - Starting FundApplication on DESKTOP-FE06405 with PID 14648 (E:\My_text\WLW\WLW\JAVA\fund\target\classes started by a9042 in E:\My_text\WLW\WLW\JAVA\fund)
2019-05-04 18:57:44.920 [main] INFO  com.swust.fund.FundApplication - No active profile set, falling back to default profiles: default
2019-05-04 18:57:46.431 [main] INFO  o.s.d.r.config.RepositoryConfigurationDelegate - Multiple Spring Data modules found, entering strict repository configuration mode!
2019-05-04 18:57:46.439 [main] INFO  o.s.d.r.config.RepositoryConfigurationDelegate - Bootstrapping Spring Data repositories in DEFAULT mode.
2019-05-04 18:57:46.509 [main] INFO  o.s.d.r.config.RepositoryConfigurationDelegate - Finished Spring Data repository scanning in 50ms. Found 0 repository interfaces.
2019-05-04 18:57:46.859 [main] INFO  o.s.c.s.PostProcessorRegistrationDelegate$BeanPostProcessorChecker - Bean 'org.springframework.transaction.annotation.ProxyTransactionManagementConfiguration' of type [org.springframework.transaction.annotation.ProxyTransactionManagementConfiguration$$EnhancerBySpringCGLIB$$d62b3ae8] is not eligible for getting processed by all BeanPostProcessors (for example: not eligible for auto-proxying)
2019-05-04 18:57:47.201 [main] INFO  o.s.boot.web.embedded.tomcat.TomcatWebServer - Tomcat initialized with port(s): 19316 (http)
2019-05-04 18:57:47.218 [main] INFO  org.apache.coyote.http11.Http11NioProtocol - Initializing ProtocolHandler ["http-nio-19316"]
2019-05-04 18:57:47.229 [main] INFO  org.apache.catalina.core.StandardService - Starting service [Tomcat]
2019-05-04 18:57:47.229 [main] INFO  org.apache.catalina.core.StandardEngine - Starting Servlet engine: [Apache Tomcat/9.0.17]
2019-05-04 18:57:47.358 [main] INFO  o.a.c.core.ContainerBase.[Tomcat].[localhost].[/] - Initializing Spring embedded WebApplicationContext
2019-05-04 18:57:47.359 [main] INFO  org.springframework.web.context.ContextLoader - Root WebApplicationContext: initialization completed in 2381 ms
2019-05-04 18:57:48.709 [main] INFO  s.d.s.w.PropertySourcedRequestMappingHandlerMapping - Mapped URL path [/v2/api-docs] onto method [public org.springframework.http.ResponseEntity<springfox.documentation.spring.web.json.Json> springfox.documentation.swagger2.web.Swagger2Controller.getDocumentation(java.lang.String,javax.servlet.http.HttpServletRequest)]
2019-05-04 18:57:48.912 [main] INFO  o.s.scheduling.concurrent.ThreadPoolTaskExecutor - Initializing ExecutorService 'applicationTaskExecutor'
2019-05-04 18:57:49.066 [main] INFO  o.s.b.a.web.servlet.WelcomePageHandlerMapping - Adding welcome page: class path resource [static/index.html]
2019-05-04 18:57:49.267 [main] INFO  s.d.s.web.plugins.DocumentationPluginsBootstrapper - Context refreshed
2019-05-04 18:57:49.282 [main] INFO  s.d.s.web.plugins.DocumentationPluginsBootstrapper - Found 1 custom documentation plugin(s)
2019-05-04 18:57:49.320 [main] INFO  s.d.spring.web.scanners.ApiListingReferenceScanner - Scanning for api listing references
2019-05-04 18:57:49.489 [main] INFO  org.apache.coyote.http11.Http11NioProtocol - Starting ProtocolHandler ["http-nio-19316"]
2019-05-04 18:57:49.514 [main] INFO  o.s.boot.web.embedded.tomcat.TomcatWebServer - Tomcat started on port(s): 19316 (http) with context path ''
2019-05-04 18:57:49.517 [main] INFO  com.swust.fund.FundApplication - Started FundApplication in 5.189 seconds (JVM running for 6.097)
2019-05-04 18:58:02.044 [http-nio-19316-exec-1] INFO  o.a.c.core.ContainerBase.[Tomcat].[localhost].[/] - Initializing Spring DispatcherServlet 'dispatcherServlet'
2019-05-04 18:58:02.044 [http-nio-19316-exec-1] INFO  org.springframework.web.servlet.DispatcherServlet - Initializing Servlet 'dispatcherServlet'
2019-05-04 18:58:02.056 [http-nio-19316-exec-1] INFO  org.springframework.web.servlet.DispatcherServlet - Completed initialization in 12 ms
2019-05-04 18:59:08.311 [main] INFO  com.swust.fund.FundApplication - Starting FundApplication on DESKTOP-FE06405 with PID 11740 (E:\My_text\WLW\WLW\JAVA\fund\target\classes started by a9042 in E:\My_text\WLW\WLW\JAVA\fund)
2019-05-04 18:59:08.314 [main] INFO  com.swust.fund.FundApplication - No active profile set, falling back to default profiles: default
2019-05-04 18:59:09.735 [main] INFO  o.s.d.r.config.RepositoryConfigurationDelegate - Multiple Spring Data modules found, entering strict repository configuration mode!
2019-05-04 18:59:09.744 [main] INFO  o.s.d.r.config.RepositoryConfigurationDelegate - Bootstrapping Spring Data repositories in DEFAULT mode.
2019-05-04 18:59:09.797 [main] INFO  o.s.d.r.config.RepositoryConfigurationDelegate - Finished Spring Data repository scanning in 33ms. Found 0 repository interfaces.
2019-05-04 18:59:10.133 [main] INFO  o.s.c.s.PostProcessorRegistrationDelegate$BeanPostProcessorChecker - Bean 'org.springframework.transaction.annotation.ProxyTransactionManagementConfiguration' of type [org.springframework.transaction.annotation.ProxyTransactionManagementConfiguration$$EnhancerBySpringCGLIB$$1f5d6e01] is not eligible for getting processed by all BeanPostProcessors (for example: not eligible for auto-proxying)
2019-05-04 18:59:10.483 [main] INFO  o.s.boot.web.embedded.tomcat.TomcatWebServer - Tomcat initialized with port(s): 19316 (http)
2019-05-04 18:59:10.499 [main] INFO  org.apache.coyote.http11.Http11NioProtocol - Initializing ProtocolHandler ["http-nio-19316"]
2019-05-04 18:59:10.511 [main] INFO  org.apache.catalina.core.StandardService - Starting service [Tomcat]
2019-05-04 18:59:10.512 [main] INFO  org.apache.catalina.core.StandardEngine - Starting Servlet engine: [Apache Tomcat/9.0.17]
2019-05-04 18:59:10.637 [main] INFO  o.a.c.core.ContainerBase.[Tomcat].[localhost].[/] - Initializing Spring embedded WebApplicationContext
2019-05-04 18:59:10.637 [main] INFO  org.springframework.web.context.ContextLoader - Root WebApplicationContext: initialization completed in 2275 ms
2019-05-04 18:59:11.700 [main] INFO  s.d.s.w.PropertySourcedRequestMappingHandlerMapping - Mapped URL path [/v2/api-docs] onto method [public org.springframework.http.ResponseEntity<springfox.documentation.spring.web.json.Json> springfox.documentation.swagger2.web.Swagger2Controller.getDocumentation(java.lang.String,javax.servlet.http.HttpServletRequest)]
2019-05-04 18:59:11.877 [main] INFO  o.s.scheduling.concurrent.ThreadPoolTaskExecutor - Initializing ExecutorService 'applicationTaskExecutor'
2019-05-04 18:59:12.023 [main] INFO  o.s.b.a.web.servlet.WelcomePageHandlerMapping - Adding welcome page: class path resource [static/index.html]
2019-05-04 18:59:12.272 [main] INFO  s.d.s.web.plugins.DocumentationPluginsBootstrapper - Context refreshed
2019-05-04 18:59:12.294 [main] INFO  s.d.s.web.plugins.DocumentationPluginsBootstrapper - Found 1 custom documentation plugin(s)
2019-05-04 18:59:12.333 [main] INFO  s.d.spring.web.scanners.ApiListingReferenceScanner - Scanning for api listing references
2019-05-04 18:59:12.514 [main] INFO  org.apache.coyote.http11.Http11NioProtocol - Starting ProtocolHandler ["http-nio-19316"]
2019-05-04 18:59:12.553 [main] INFO  o.s.boot.web.embedded.tomcat.TomcatWebServer - Tomcat started on port(s): 19316 (http) with context path ''
2019-05-04 18:59:12.557 [main] INFO  com.swust.fund.FundApplication - Started FundApplication in 4.797 seconds (JVM running for 5.679)
2019-05-04 18:59:14.020 [http-nio-19316-exec-2] INFO  o.a.c.core.ContainerBase.[Tomcat].[localhost].[/] - Initializing Spring DispatcherServlet 'dispatcherServlet'
2019-05-04 18:59:14.020 [http-nio-19316-exec-2] INFO  org.springframework.web.servlet.DispatcherServlet - Initializing Servlet 'dispatcherServlet'
2019-05-04 18:59:14.032 [http-nio-19316-exec-2] INFO  org.springframework.web.servlet.DispatcherServlet - Completed initialization in 12 ms
2019-05-04 19:00:00.796 [main] INFO  com.swust.fund.FundApplication - Starting FundApplication on DESKTOP-FE06405 with PID 14044 (E:\My_text\WLW\WLW\JAVA\fund\target\classes started by a9042 in E:\My_text\WLW\WLW\JAVA\fund)
2019-05-04 19:00:00.800 [main] INFO  com.swust.fund.FundApplication - No active profile set, falling back to default profiles: default
2019-05-04 19:00:02.070 [main] INFO  o.s.d.r.config.RepositoryConfigurationDelegate - Multiple Spring Data modules found, entering strict repository configuration mode!
2019-05-04 19:00:02.072 [main] INFO  o.s.d.r.config.RepositoryConfigurationDelegate - Bootstrapping Spring Data repositories in DEFAULT mode.
2019-05-04 19:00:02.110 [main] INFO  o.s.d.r.config.RepositoryConfigurationDelegate - Finished Spring Data repository scanning in 23ms. Found 0 repository interfaces.
2019-05-04 19:00:02.548 [main] INFO  o.s.c.s.PostProcessorRegistrationDelegate$BeanPostProcessorChecker - Bean 'org.springframework.transaction.annotation.ProxyTransactionManagementConfiguration' of type [org.springframework.transaction.annotation.ProxyTransactionManagementConfiguration$$EnhancerBySpringCGLIB$$75f00ed5] is not eligible for getting processed by all BeanPostProcessors (for example: not eligible for auto-proxying)
2019-05-04 19:00:02.947 [main] INFO  o.s.boot.web.embedded.tomcat.TomcatWebServer - Tomcat initialized with port(s): 19316 (http)
2019-05-04 19:00:03.004 [main] INFO  org.apache.coyote.http11.Http11NioProtocol - Initializing ProtocolHandler ["http-nio-19316"]
2019-05-04 19:00:03.022 [main] INFO  org.apache.catalina.core.StandardService - Starting service [Tomcat]
2019-05-04 19:00:03.023 [main] INFO  org.apache.catalina.core.StandardEngine - Starting Servlet engine: [Apache Tomcat/9.0.17]
2019-05-04 19:00:03.159 [main] INFO  o.a.c.core.ContainerBase.[Tomcat].[localhost].[/] - Initializing Spring embedded WebApplicationContext
2019-05-04 19:00:03.159 [main] INFO  org.springframework.web.context.ContextLoader - Root WebApplicationContext: initialization completed in 2308 ms
2019-05-04 19:00:04.248 [main] INFO  s.d.s.w.PropertySourcedRequestMappingHandlerMapping - Mapped URL path [/v2/api-docs] onto method [public org.springframework.http.ResponseEntity<springfox.documentation.spring.web.json.Json> springfox.documentation.swagger2.web.Swagger2Controller.getDocumentation(java.lang.String,javax.servlet.http.HttpServletRequest)]
2019-05-04 19:00:04.420 [main] INFO  o.s.scheduling.concurrent.ThreadPoolTaskExecutor - Initializing ExecutorService 'applicationTaskExecutor'
2019-05-04 19:00:04.534 [main] INFO  o.s.b.a.web.servlet.WelcomePageHandlerMapping - Adding welcome page: class path resource [static/index.html]
2019-05-04 19:00:04.763 [main] INFO  s.d.s.web.plugins.DocumentationPluginsBootstrapper - Context refreshed
2019-05-04 19:00:04.779 [main] INFO  s.d.s.web.plugins.DocumentationPluginsBootstrapper - Found 1 custom documentation plugin(s)
2019-05-04 19:00:04.814 [main] INFO  s.d.spring.web.scanners.ApiListingReferenceScanner - Scanning for api listing references
2019-05-04 19:00:04.969 [main] INFO  org.apache.coyote.http11.Http11NioProtocol - Starting ProtocolHandler ["http-nio-19316"]
2019-05-04 19:00:04.998 [main] INFO  o.s.boot.web.embedded.tomcat.TomcatWebServer - Tomcat started on port(s): 19316 (http) with context path ''
2019-05-04 19:00:05.002 [main] INFO  com.swust.fund.FundApplication - Started FundApplication in 4.875 seconds (JVM running for 5.864)
2019-05-04 19:00:05.822 [http-nio-19316-exec-1] INFO  o.a.c.core.ContainerBase.[Tomcat].[localhost].[/] - Initializing Spring DispatcherServlet 'dispatcherServlet'
2019-05-04 19:00:05.822 [http-nio-19316-exec-1] INFO  org.springframework.web.servlet.DispatcherServlet - Initializing Servlet 'dispatcherServlet'
2019-05-04 19:00:05.832 [http-nio-19316-exec-1] INFO  org.springframework.web.servlet.DispatcherServlet - Completed initialization in 10 ms
